#
# A fatal error has been detected by the Java Runtime Environment:
#
#  SIGSEGV (0xb) at pc=0x000000012c60cbab, pid=99578, tid=0x0000000000000a0b
#
# JRE version: Java(TM) SE Runtime Environment (8.0_101-b13) (build 1.8.0_101-b13)
# Java VM: Java HotSpot(TM) 64-Bit Server VM (25.101-b13 mixed mode bsd-amd64 compressed oops)
# Problematic frame:
# C  [liblwjgl_opengl.dylib+0xcbab]
[error occurred during error reporting (printing problematic frame), id 0xe0000000]

# Failed to write core dump. Core dumps have been disabled. To enable core dumping, try "ulimit -c unlimited" before starting Java again
#
# If you would like to submit a bug report, please visit:
#   http://bugreport.java.com/bugreport/crash.jsp
# The crash happened outside the Java Virtual Machine in native code.
# See problematic frame for where to report the bug.
#

---------------  T H R E A D  ---------------

Current thread (0x00007fda55013800):  JavaThread "main" [_thread_in_native, id=2571, stack(0x00007fff53c77000,0x00007fff54477000)]

siginfo: si_signo: 11 (SIGSEGV), si_code: 1 (SEGV_MAPERR), si_addr: 0x0000000000000390

Registers:
RAX=0x0000000000000000, RBX=0x00000001260a2e30, RCX=0x000000010c224360, RDX=0x0000000000000008
RSP=0x00007fff544717e0, RBP=0x00007fff544717e0, RSI=0x00007fff54471868, RDI=0x00007fda550139f8
R8 =0x000000010d2612b7, R9 =0x00000000ffffffe8, R10=0x000000010d2179a8, R11=0x000000010bee7b5b
R12=0x0000000000000000, R13=0x00000001260a2e30, R14=0x00007fff54471890, R15=0x00007fda55013800
RIP=0x000000012c60cbab, EFLAGS=0x0000000000010212, ERR=0x0000000000000004
  TRAPNO=0x000000000000000e

Top of Stack: (sp=0x00007fff544717e0)
0x00007fff544717e0:   00007fff54471858 000000010d2179d4
0x00007fff544717f0:   00000001260a2e30 00007fff54471890
0x00007fff54471800:   00007fff54471858 000000010d217767
0x00007fff54471810:   000000010d217722 00007fff54471818
0x00007fff54471820:   00000001260a2e30 00007fff54471890
0x00007fff54471830:   00000001260d3c28 0000000000000000
0x00007fff54471840:   00000001260a2e30 0000000000000000
0x00007fff54471850:   00007fff54471878 00007fff544718d8
0x00007fff54471860:   000000010d2082bd 000000076b3ed4b8
0x00007fff54471870:   000000010d211538 00007fff00000000
0x00007fff54471880:   00007fff3f68f5c3 000000013f000000
0x00007fff54471890:   000000013eae147b 00007fff54471898
0x00007fff544718a0:   00000001260a2ecc 00007fff54471900
0x00007fff544718b0:   00000001260d3c28 0000000000000000
0x00007fff544718c0:   00000001260a2f08 00007fff54471878
0x00007fff544718d0:   00007fff544718e8 00007fff54471948
0x00007fff544718e0:   000000010d2082bd 0000000100000000
0x00007fff544718f0:   000000003f68f5c3 00007fda3f000000
0x00007fff54471900:   000000003eae147b 00007fff54471908
0x00007fff54471910:   0000000125f69c4f 00007fff54471950
0x00007fff54471920:   0000000125f6a168 0000000000000000
0x00007fff54471930:   0000000125f69c68 00007fff544718e8
0x00007fff54471940:   00007fff54471958 00007fff54471998
0x00007fff54471950:   000000010d2082bd 00007fff54471958
0x00007fff54471960:   0000000125f69328 00007fff544719a8
0x00007fff54471970:   0000000125f693c8 0000000000000000
0x00007fff54471980:   0000000125f69358 00007fff54471958
0x00007fff54471990:   00007fff544719a8 00007fff54471a10
0x00007fff544719a0:   000000010d2007a7 000000076ae2cee8
0x00007fff544719b0:   0000000100001fa0 000000000000000a
0x00007fff544719c0:   00007fda55013800 0000000000000001
0x00007fff544719d0:   000000010d20071f 0000000125f69358 

Instructions: (pc=0x000000012c60cbab)
0x000000012c60cb8b:   48 8b 80 58 03 00 00 5d ff e0 66 66 2e 0f 1f 84
0x000000012c60cb9b:   00 00 00 00 00 55 48 89 e5 48 8b 07 48 8b 40 18
0x000000012c60cbab:   48 8b 80 90 03 00 00 5d ff e0 66 66 2e 0f 1f 84
0x000000012c60cbbb:   00 00 00 00 00 55 48 89 e5 48 8b 07 48 8b 40 18 

Register to memory mapping:

RAX=0x0000000000000000 is an unknown value
RBX={method} {0x00000001260a2e30} 'nglClearColor' '(FFFF)V' in 'org/lwjgl/opengl/GL11'
RCX=0x000000010c224360: UseMembar+0 in /Library/Java/JavaVirtualMachines/jdk1.8.0_101.jdk/Contents/Home/jre/lib/server/libjvm.dylib at 0x000000010ba05000
RDX=0x0000000000000008 is an unknown value
RSP=0x00007fff544717e0 is pointing into the stack for thread: 0x00007fda55013800
RBP=0x00007fff544717e0 is pointing into the stack for thread: 0x00007fda55013800
RSI=0x00007fff54471868 is pointing into the stack for thread: 0x00007fda55013800
RDI=0x00007fda550139f8 is an unknown value
R8 =0x000000010d2612b7 is at code_begin+23 in 
[CodeBlob (0x000000010d261250)]
Framesize: 0
BufferBlob (0x000000010d261250) used for Signature Handler Temp Buffer
R9 =0x00000000ffffffe8 is an unknown value
R10=0x000000010d2179a8 is at code_begin+808 in an Interpreter codelet
method entry point (kind = native)  [0x000000010d217680, 0x000000010d217f80]  2304 bytes
R11=0x000000010bee7b5b: throw_unsatisfied_link_error+0 in /Library/Java/JavaVirtualMachines/jdk1.8.0_101.jdk/Contents/Home/jre/lib/server/libjvm.dylib at 0x000000010ba05000
R12=0x0000000000000000 is an unknown value
R13={method} {0x00000001260a2e30} 'nglClearColor' '(FFFF)V' in 'org/lwjgl/opengl/GL11'
R14=0x00007fff54471890 is pointing into the stack for thread: 0x00007fda55013800
R15=0x00007fda55013800 is a thread


Stack: [0x00007fff53c77000,0x00007fff54477000],  sp=0x00007fff544717e0,  free space=8169k
Native frames: (J=compiled Java code, j=interpreted, Vv=VM code, C=native code)
C  [liblwjgl_opengl.dylib+0xcbab]
[error occurred during error reporting (printing native stack), id 0xe0000000]

Java frames: (J=compiled Java code, j=interpreted, Vv=VM code)
j  org.lwjgl.opengl.GL11.nglClearColor(FFFF)V+0
j  org.lwjgl.opengl.GL11.glClearColor(FFFF)V+4
j  renderer.DisplayManager.createDisplay()V+87
j  main.Engine.main([Ljava/lang/String;)V+0
v  ~StubRoutines::call_stub
j  sun.reflect.NativeMethodAccessorImpl.invoke0(Ljava/lang/reflect/Method;Ljava/lang/Object;[Ljava/lang/Object;)Ljava/lang/Object;+0
j  sun.reflect.NativeMethodAccessorImpl.invoke(Ljava/lang/Object;[Ljava/lang/Object;)Ljava/lang/Object;+100
j  sun.reflect.DelegatingMethodAccessorImpl.invoke(Ljava/lang/Object;[Ljava/lang/Object;)Ljava/lang/Object;+6
j  java.lang.reflect.Method.invoke(Ljava/lang/Object;[Ljava/lang/Object;)Ljava/lang/Object;+56
j  com.intellij.rt.execution.application.AppMain.main([Ljava/lang/String;)V+170
v  ~StubRoutines::call_stub

---------------  P R O C E S S  ---------------

Java Threads: ( => current thread )
  0x00007fda54885000 JavaThread "Monitor Ctrl-Break" daemon [_thread_in_native, id=18691, stack(0x0000700000ec4000,0x0000700000fc4000)]
  0x00007fda55048000 JavaThread "Service Thread" daemon [_thread_blocked, id=17667, stack(0x0000700000cbe000,0x0000700000dbe000)]
  0x00007fda5502f800 JavaThread "C1 CompilerThread2" daemon [_thread_blocked, id=17155, stack(0x0000700000bbb000,0x0000700000cbb000)]
  0x00007fda55026800 JavaThread "C2 CompilerThread1" daemon [_thread_blocked, id=16643, stack(0x0000700000ab8000,0x0000700000bb8000)]
  0x00007fda55011000 JavaThread "C2 CompilerThread0" daemon [_thread_blocked, id=16131, stack(0x00007000009b5000,0x0000700000ab5000)]
  0x00007fda54052000 JavaThread "Signal Dispatcher" daemon [_thread_blocked, id=13839, stack(0x00007000008b2000,0x00007000009b2000)]
  0x00007fda5402d800 JavaThread "Finalizer" daemon [_thread_blocked, id=12291, stack(0x000070000072c000,0x000070000082c000)]
  0x00007fda5501e800 JavaThread "Reference Handler" daemon [_thread_blocked, id=11779, stack(0x0000700000629000,0x0000700000729000)]
=>0x00007fda55013800 JavaThread "main" [_thread_in_native, id=2571, stack(0x00007fff53c77000,0x00007fff54477000)]

Other Threads:
  0x00007fda53829800 VMThread [stack: 0x0000700000526000,0x0000700000626000] [id=11267]
  0x00007fda54055000 WatcherThread [stack: 0x0000700000dc1000,0x0000700000ec1000] [id=18179]

VM state:not at safepoint (normal execution)

VM Mutex/Monitor currently owned by a thread: None

Heap:
 PSYoungGen      total 76288K, used 10679K [0x000000076ab00000, 0x0000000770000000, 0x00000007c0000000)
  eden space 65536K, 16% used [0x000000076ab00000,0x000000076b56dff0,0x000000076eb00000)
  from space 10752K, 0% used [0x000000076f580000,0x000000076f580000,0x0000000770000000)
  to   space 10752K, 0% used [0x000000076eb00000,0x000000076eb00000,0x000000076f580000)
 ParOldGen       total 175104K, used 0K [0x00000006c0000000, 0x00000006cab00000, 0x000000076ab00000)
  object space 175104K, 0% used [0x00000006c0000000,0x00000006c0000000,0x00000006cab00000)
 Metaspace       used 6203K, capacity 6322K, committed 6400K, reserved 1056768K
  class space    used 639K, capacity 703K, committed 768K, reserved 1048576K

Card table byte_map: [0x000000011c5c0000,0x000000011cdc1000] byte_map_base: 0x0000000118fc0000

Marking Bits: (ParMarkBitMap*) 0x000000010c2f2d20
 Begin Bits: [0x000000011d317000, 0x0000000121317000)
 End Bits:   [0x0000000121317000, 0x0000000125317000)

Polling page: 0x000000010c9ea000

CodeCache: size=245760Kb used=2235Kb max_used=2247Kb free=243524Kb
 bounds [0x000000010d200000, 0x000000010d470000, 0x000000011c200000]
 total_blobs=1140 nmethods=438 adapters=616
 compilation: enabled

Compilation events (10 events):
Event: 0.771 Thread 0x00007fda5502f800 nmethod 435 0x000000010d42f510 code [0x000000010d42f6a0, 0x000000010d42fa30]
Event: 0.771 Thread 0x00007fda5502f800  436       3       java.util.regex.ASCII::isType (15 bytes)
Event: 0.771 Thread 0x00007fda5502f800 nmethod 436 0x000000010d42f010 code [0x000000010d42f180, 0x000000010d42f3f0]
Event: 0.772 Thread 0x00007fda55011000  439       4       java.lang.String::<init> (82 bytes)
Event: 0.772 Thread 0x00007fda5502f800  437       3       java.util.regex.ASCII::getType (17 bytes)
Event: 0.774 Thread 0x00007fda5502f800 nmethod 437 0x000000010d42ea10 code [0x000000010d42eb80, 0x000000010d42ed50]
Event: 0.774 Thread 0x00007fda5502f800  438       3       java.util.regex.Pattern$5::isSatisfiedBy (28 bytes)
Event: 0.774 Thread 0x00007fda5502f800 nmethod 438 0x000000010d42e3d0 code [0x000000010d42e560, 0x000000010d42e8f8]
Event: 0.774 Thread 0x00007fda5502f800  434       3       java.nio.DirectByteBuffer::ix (10 bytes)
Event: 0.774 Thread 0x00007fda5502f800 nmethod 434 0x000000010d42e0d0 code [0x000000010d42e220, 0x000000010d42e370]

GC Heap History (0 events):
No events

Deoptimization events (2 events):
Event: 0.267 Thread 0x00007fda55013800 Uncommon trap: reason=unstable_if action=reinterpret pc=0x000000010d31fcc0 method=java.lang.String.indexOf(II)I @ 49
Event: 0.271 Thread 0x00007fda55013800 Uncommon trap: reason=unstable_if action=reinterpret pc=0x000000010d30d6e8 method=java.lang.String.hashCode()I @ 14

Internal exceptions (10 events):
Event: 0.332 Thread 0x00007fda55013800 Exception <a 'java/security/PrivilegedActionException'> (0x000000076b0509d8) thrown at [/HUDSON3/workspace/8-2-build-macosx-x86_64/jdk8u101/7261/hotspot/src/share/vm/prims/jvm.cpp, line 1386]
Event: 0.403 Thread 0x00007fda55013800 Exception <a 'java/lang/NoSuchFieldError': method resolution failed> (0x000000076b13a058) thrown at [/HUDSON3/workspace/8-2-build-macosx-x86_64/jdk8u101/7261/hotspot/src/share/vm/prims/methodHandles.cpp, line 1146]
Event: 0.405 Thread 0x00007fda55013800 Exception <a 'java/lang/NoSuchFieldError': method resolution failed> (0x000000076b1477a8) thrown at [/HUDSON3/workspace/8-2-build-macosx-x86_64/jdk8u101/7261/hotspot/src/share/vm/prims/methodHandles.cpp, line 1146]
Event: 0.566 Thread 0x00007fda55013800 Exception <a 'sun/nio/fs/UnixException'> (0x000000076b305be0) thrown at [/HUDSON3/workspace/8-2-build-macosx-x86_64/jdk8u101/7261/hotspot/src/share/vm/prims/jni.cpp, line 709]
Event: 0.567 Thread 0x00007fda55013800 Exception <a 'sun/nio/fs/UnixException'> (0x000000076b307380) thrown at [/HUDSON3/workspace/8-2-build-macosx-x86_64/jdk8u101/7261/hotspot/src/share/vm/prims/jni.cpp, line 709]
Event: 0.568 Thread 0x00007fda55013800 Exception <a 'sun/nio/fs/UnixException'> (0x000000076b307be0) thrown at [/HUDSON3/workspace/8-2-build-macosx-x86_64/jdk8u101/7261/hotspot/src/share/vm/prims/jni.cpp, line 709]
Event: 0.568 Thread 0x00007fda55013800 Exception <a 'sun/nio/fs/UnixException'> (0x000000076b308468) thrown at [/HUDSON3/workspace/8-2-build-macosx-x86_64/jdk8u101/7261/hotspot/src/share/vm/prims/jni.cpp, line 709]
Event: 0.568 Thread 0x00007fda55013800 Exception <a 'sun/nio/fs/UnixException'> (0x000000076b308cf8) thrown at [/HUDSON3/workspace/8-2-build-macosx-x86_64/jdk8u101/7261/hotspot/src/share/vm/prims/jni.cpp, line 709]
Event: 0.568 Thread 0x00007fda55013800 Exception <a 'sun/nio/fs/UnixException'> (0x000000076b309458) thrown at [/HUDSON3/workspace/8-2-build-macosx-x86_64/jdk8u101/7261/hotspot/src/share/vm/prims/jni.cpp, line 709]
Event: 0.568 Thread 0x00007fda55013800 Exception <a 'sun/nio/fs/UnixException'> (0x000000076b309ad0) thrown at [/HUDSON3/workspace/8-2-build-macosx-x86_64/jdk8u101/7261/hotspot/src/share/vm/prims/jni.cpp, line 709]

Events (10 events):
Event: 0.770 loading class org/lwjgl/opengl/GL$4
Event: 0.771 loading class org/lwjgl/opengl/GL$4 done
Event: 0.772 loading class org/lwjgl/system/macosx/CoreFoundation
Event: 0.772 loading class org/lwjgl/system/macosx/CoreFoundation done
Event: 0.774 loading class org/lwjgl/opengl/GL$3
Event: 0.774 loading class org/lwjgl/opengl/GL$3 done
Event: 0.775 loading class org/lwjgl/opengl/GL$SharedLibraryGL
Event: 0.775 loading class org/lwjgl/opengl/GL$SharedLibraryGL done
Event: 0.775 loading class org/lwjgl/system/SharedLibrary$Delegate
Event: 0.775 loading class org/lwjgl/system/SharedLibrary$Delegate done


Dynamic libraries:
0x00000000007eb000 	/System/Library/Frameworks/Cocoa.framework/Versions/A/Cocoa
0x00000000007eb000 	/System/Library/Frameworks/Security.framework/Versions/A/Security
0x00000000007eb000 	/System/Library/Frameworks/ApplicationServices.framework/Versions/A/ApplicationServices
0x00000000007eb000 	/usr/lib/libz.1.dylib
0x00000000007eb000 	/usr/lib/libSystem.B.dylib
0x00000000007eb000 	/usr/lib/libobjc.A.dylib
0x00000000007eb000 	/System/Library/Frameworks/CoreFoundation.framework/Versions/A/CoreFoundation
0x00000000007eb000 	/System/Library/Frameworks/Foundation.framework/Versions/C/Foundation
0x00000000007eb000 	/System/Library/Frameworks/AppKit.framework/Versions/C/AppKit
0x00000000007eb000 	/System/Library/Frameworks/CoreData.framework/Versions/A/CoreData
0x00000000007eb000 	/System/Library/PrivateFrameworks/RemoteViewServices.framework/Versions/A/RemoteViewServices
0x00000000007eb000 	/System/Library/PrivateFrameworks/UIFoundation.framework/Versions/A/UIFoundation
0x00000000007eb000 	/usr/lib/libScreenReader.dylib
0x00000000007eb000 	/System/Library/Frameworks/Accelerate.framework/Versions/A/Accelerate
0x00000000007eb000 	/System/Library/Frameworks/IOSurface.framework/Versions/A/IOSurface
0x00000000007eb000 	/System/Library/Frameworks/AudioToolbox.framework/Versions/A/AudioToolbox
0x00000000007eb000 	/System/Library/Frameworks/AudioUnit.framework/Versions/A/AudioUnit
0x00000000007eb000 	/System/Library/PrivateFrameworks/DataDetectorsCore.framework/Versions/A/DataDetectorsCore
0x00000000007eb000 	/System/Library/PrivateFrameworks/DesktopServicesPriv.framework/Versions/A/DesktopServicesPriv
0x00000000007eb000 	/System/Library/Frameworks/Carbon.framework/Versions/A/Frameworks/HIToolbox.framework/Versions/A/HIToolbox
0x00000000007eb000 	/System/Library/Frameworks/QuartzCore.framework/Versions/A/QuartzCore
0x00000000007eb000 	/System/Library/Frameworks/Carbon.framework/Versions/A/Frameworks/SpeechRecognition.framework/Versions/A/SpeechRecognition
0x00000000007eb000 	/usr/lib/libauto.dylib
0x00000000007eb000 	/usr/lib/libicucore.A.dylib
0x00000000007eb000 	/usr/lib/libxml2.2.dylib
0x00000000007eb000 	/System/Library/PrivateFrameworks/CoreUI.framework/Versions/A/CoreUI
0x00000000007eb000 	/System/Library/Frameworks/CoreAudio.framework/Versions/A/CoreAudio
0x00000000007eb000 	/System/Library/Frameworks/DiskArbitration.framework/Versions/A/DiskArbitration
0x00000000007eb000 	/usr/lib/liblangid.dylib
0x00000000007eb000 	/System/Library/PrivateFrameworks/MultitouchSupport.framework/Versions/A/MultitouchSupport
0x00000000007eb000 	/System/Library/Frameworks/IOKit.framework/Versions/A/IOKit
0x00000000007eb000 	/usr/lib/libDiagnosticMessagesClient.dylib
0x00000000007eb000 	/System/Library/Frameworks/CoreServices.framework/Versions/A/CoreServices
0x00000000007eb000 	/System/Library/PrivateFrameworks/PerformanceAnalysis.framework/Versions/A/PerformanceAnalysis
0x00000000007eb000 	/System/Library/PrivateFrameworks/GenerationalStorage.framework/Versions/A/GenerationalStorage
0x00000000007eb000 	/System/Library/Frameworks/OpenGL.framework/Versions/A/OpenGL
0x00000000007eb000 	/System/Library/PrivateFrameworks/Sharing.framework/Versions/A/Sharing
0x00000000007eb000 	/System/Library/Frameworks/CoreGraphics.framework/Versions/A/CoreGraphics
0x00000000007eb000 	/System/Library/Frameworks/CoreImage.framework/Versions/A/CoreImage
0x00000000007eb000 	/System/Library/Frameworks/CoreText.framework/Versions/A/CoreText
0x00000000007eb000 	/System/Library/Frameworks/ImageIO.framework/Versions/A/ImageIO
0x00000000007eb000 	/System/Library/PrivateFrameworks/Backup.framework/Versions/A/Backup
0x00000000007eb000 	/usr/lib/libextension.dylib
0x00000000007eb000 	/usr/lib/libarchive.2.dylib
0x00000000007eb000 	/System/Library/Frameworks/CFNetwork.framework/Versions/A/CFNetwork
0x00000000007eb000 	/System/Library/Frameworks/SystemConfiguration.framework/Versions/A/SystemConfiguration
0x00000000007eb000 	/usr/lib/libCRFSuite.dylib
0x00000000007eb000 	/usr/lib/libc++.1.dylib
0x00000000007eb000 	/usr/lib/libc++abi.dylib
0x00000000007eb000 	/usr/lib/system/libcache.dylib
0x00000000007eb000 	/usr/lib/system/libcommonCrypto.dylib
0x00000000007eb000 	/usr/lib/system/libcompiler_rt.dylib
0x00000000007eb000 	/usr/lib/system/libcopyfile.dylib
0x00000000007eb000 	/usr/lib/system/libcorecrypto.dylib
0x00000000007eb000 	/usr/lib/system/libdispatch.dylib
0x00000000007eb000 	/usr/lib/system/libdyld.dylib
0x00000000007eb000 	/usr/lib/system/libkeymgr.dylib
0x00000000007eb000 	/usr/lib/system/liblaunch.dylib
0x00000000007eb000 	/usr/lib/system/libmacho.dylib
0x00000000007eb000 	/usr/lib/system/libquarantine.dylib
0x00000000007eb000 	/usr/lib/system/libremovefile.dylib
0x00000000007eb000 	/usr/lib/system/libsystem_asl.dylib
0x00000000007eb000 	/usr/lib/system/libsystem_blocks.dylib
0x00000000007eb000 	/usr/lib/system/libsystem_c.dylib
0x00000000007eb000 	/usr/lib/system/libsystem_configuration.dylib
0x00000000007eb000 	/usr/lib/system/libsystem_coreservices.dylib
0x00000000007eb000 	/usr/lib/system/libsystem_coretls.dylib
0x00000000007eb000 	/usr/lib/system/libsystem_dnssd.dylib
0x00000000007eb000 	/usr/lib/system/libsystem_info.dylib
0x00000000007eb000 	/usr/lib/system/libsystem_kernel.dylib
0x00000000007eb000 	/usr/lib/system/libsystem_m.dylib
0x00000000007eb000 	/usr/lib/system/libsystem_malloc.dylib
0x00000000007eb000 	/usr/lib/system/libsystem_network.dylib
0x00000000007eb000 	/usr/lib/system/libsystem_networkextension.dylib
0x00000000007eb000 	/usr/lib/system/libsystem_notify.dylib
0x00000000007eb000 	/usr/lib/system/libsystem_platform.dylib
0x00000000007eb000 	/usr/lib/system/libsystem_pthread.dylib
0x00000000007eb000 	/usr/lib/system/libsystem_sandbox.dylib
0x00000000007eb000 	/usr/lib/system/libsystem_secinit.dylib
0x00000000007eb000 	/usr/lib/system/libsystem_trace.dylib
0x00000000007eb000 	/usr/lib/system/libunc.dylib
0x00000000007eb000 	/usr/lib/system/libunwind.dylib
0x00000000007eb000 	/usr/lib/system/libxpc.dylib
0x00000000007eb000 	/usr/lib/libenergytrace.dylib
0x00000000007eb000 	/usr/lib/libbsm.0.dylib
0x00000000007eb000 	/usr/lib/system/libkxld.dylib
0x00000000007eb000 	/usr/lib/libxar.1.dylib
0x00000000007eb000 	/usr/lib/libsqlite3.dylib
0x00000000007eb000 	/usr/lib/libpam.2.dylib
0x00000000007eb000 	/usr/lib/libOpenScriptingUtil.dylib
0x00000000007eb000 	/usr/lib/libbz2.1.0.dylib
0x00000000007eb000 	/usr/lib/liblzma.5.dylib
0x00000000007eb000 	/System/Library/Frameworks/CoreServices.framework/Versions/A/Frameworks/FSEvents.framework/Versions/A/FSEvents
0x00000000007eb000 	/System/Library/Frameworks/CoreServices.framework/Versions/A/Frameworks/CarbonCore.framework/Versions/A/CarbonCore
0x00000000007eb000 	/System/Library/Frameworks/CoreServices.framework/Versions/A/Frameworks/Metadata.framework/Versions/A/Metadata
0x00000000007eb000 	/System/Library/Frameworks/CoreServices.framework/Versions/A/Frameworks/OSServices.framework/Versions/A/OSServices
0x00000000007eb000 	/System/Library/Frameworks/CoreServices.framework/Versions/A/Frameworks/SearchKit.framework/Versions/A/SearchKit
0x00000000007eb000 	/System/Library/Frameworks/CoreServices.framework/Versions/A/Frameworks/AE.framework/Versions/A/AE
0x00000000007eb000 	/System/Library/Frameworks/CoreServices.framework/Versions/A/Frameworks/LaunchServices.framework/Versions/A/LaunchServices
0x00000000007eb000 	/System/Library/Frameworks/CoreServices.framework/Versions/A/Frameworks/DictionaryServices.framework/Versions/A/DictionaryServices
0x00000000007eb000 	/System/Library/Frameworks/CoreServices.framework/Versions/A/Frameworks/SharedFileList.framework/Versions/A/SharedFileList
0x00000000007eb000 	/System/Library/Frameworks/NetFS.framework/Versions/A/NetFS
0x00000000007eb000 	/System/Library/PrivateFrameworks/NetAuth.framework/Versions/A/NetAuth
0x00000000007eb000 	/System/Library/PrivateFrameworks/login.framework/Versions/A/Frameworks/loginsupport.framework/Versions/A/loginsupport
0x00000000007eb000 	/System/Library/PrivateFrameworks/TCC.framework/Versions/A/TCC
0x00000000007eb000 	/usr/lib/libmecabra.dylib
0x00000000007eb000 	/System/Library/Frameworks/ApplicationServices.framework/Versions/A/Frameworks/ATS.framework/Versions/A/ATS
0x00000000007eb000 	/System/Library/Frameworks/ApplicationServices.framework/Versions/A/Frameworks/ColorSync.framework/Versions/A/ColorSync
0x00000000007eb000 	/System/Library/Frameworks/ApplicationServices.framework/Versions/A/Frameworks/HIServices.framework/Versions/A/HIServices
0x00000000007eb000 	/System/Library/Frameworks/ApplicationServices.framework/Versions/A/Frameworks/LangAnalysis.framework/Versions/A/LangAnalysis
0x00000000007eb000 	/System/Library/Frameworks/ApplicationServices.framework/Versions/A/Frameworks/PrintCore.framework/Versions/A/PrintCore
0x00000000007eb000 	/System/Library/Frameworks/ApplicationServices.framework/Versions/A/Frameworks/QD.framework/Versions/A/QD
0x00000000007eb000 	/System/Library/Frameworks/ApplicationServices.framework/Versions/A/Frameworks/SpeechSynthesis.framework/Versions/A/SpeechSynthesis
0x00000000007eb000 	/System/Library/Frameworks/Metal.framework/Versions/A/Metal
0x00000000007eb000 	/System/Library/Frameworks/Accelerate.framework/Versions/A/Frameworks/vImage.framework/Versions/A/vImage
0x00000000007eb000 	/System/Library/Frameworks/Accelerate.framework/Versions/A/Frameworks/vecLib.framework/Versions/A/vecLib
0x00000000007eb000 	/System/Library/Frameworks/Accelerate.framework/Versions/A/Frameworks/vecLib.framework/Versions/A/libvDSP.dylib
0x00000000007eb000 	/System/Library/Frameworks/Accelerate.framework/Versions/A/Frameworks/vecLib.framework/Versions/A/libvMisc.dylib
0x00000000007eb000 	/System/Library/Frameworks/Accelerate.framework/Versions/A/Frameworks/vecLib.framework/Versions/A/libLAPACK.dylib
0x00000000007eb000 	/System/Library/Frameworks/Accelerate.framework/Versions/A/Frameworks/vecLib.framework/Versions/A/libBLAS.dylib
0x00000000007eb000 	/System/Library/Frameworks/Accelerate.framework/Versions/A/Frameworks/vecLib.framework/Versions/A/libLinearAlgebra.dylib
0x00000000007eb000 	/System/Library/Frameworks/Accelerate.framework/Versions/A/Frameworks/vecLib.framework/Versions/A/libSparseBLAS.dylib
0x00000000007eb000 	/System/Library/PrivateFrameworks/GPUCompiler.framework/libmetal_timestamp.dylib
0x00000000007eb000 	/System/Library/Frameworks/OpenGL.framework/Versions/A/Libraries/libCoreFSCache.dylib
0x00000000007eb000 	/System/Library/PrivateFrameworks/IOAccelerator.framework/Versions/A/IOAccelerator
0x00000000007eb000 	/System/Library/Frameworks/ApplicationServices.framework/Versions/A/Frameworks/ATS.framework/Versions/A/Resources/libFontParser.dylib
0x00000000007eb000 	/System/Library/Frameworks/ApplicationServices.framework/Versions/A/Frameworks/ATS.framework/Versions/A/Resources/libFontRegistry.dylib
0x00000000007eb000 	/System/Library/PrivateFrameworks/AppleVPA.framework/Versions/A/AppleVPA
0x00000000007eb000 	/System/Library/PrivateFrameworks/AppleJPEG.framework/Versions/A/AppleJPEG
0x00000000007eb000 	/System/Library/Frameworks/ImageIO.framework/Versions/A/Resources/libJPEG.dylib
0x00000000007eb000 	/System/Library/Frameworks/ImageIO.framework/Versions/A/Resources/libTIFF.dylib
0x00000000007eb000 	/System/Library/Frameworks/ImageIO.framework/Versions/A/Resources/libPng.dylib
0x00000000007eb000 	/System/Library/Frameworks/ImageIO.framework/Versions/A/Resources/libGIF.dylib
0x00000000007eb000 	/System/Library/Frameworks/ImageIO.framework/Versions/A/Resources/libJP2.dylib
0x00000000007eb000 	/System/Library/Frameworks/ImageIO.framework/Versions/A/Resources/libRadiance.dylib
0x00000000007eb000 	/System/Library/Frameworks/CoreVideo.framework/Versions/A/CoreVideo
0x00000000007eb000 	/System/Library/Frameworks/OpenGL.framework/Versions/A/Libraries/libGLU.dylib
0x00000000007eb000 	/System/Library/Frameworks/OpenGL.framework/Versions/A/Libraries/libGFXShared.dylib
0x00000000007eb000 	/System/Library/Frameworks/OpenGL.framework/Versions/A/Libraries/libGL.dylib
0x00000000007eb000 	/System/Library/Frameworks/OpenGL.framework/Versions/A/Libraries/libGLImage.dylib
0x00000000007eb000 	/System/Library/Frameworks/OpenGL.framework/Versions/A/Libraries/libCVMSPluginSupport.dylib
0x00000000007eb000 	/System/Library/Frameworks/OpenGL.framework/Versions/A/Libraries/libCoreVMClient.dylib
0x00000000007eb000 	/usr/lib/libcompression.dylib
0x00000000007eb000 	/usr/lib/libcups.2.dylib
0x00000000007eb000 	/System/Library/Frameworks/Kerberos.framework/Versions/A/Kerberos
0x00000000007eb000 	/System/Library/Frameworks/GSS.framework/Versions/A/GSS
0x00000000007eb000 	/usr/lib/libresolv.9.dylib
0x00000000007eb000 	/usr/lib/libiconv.2.dylib
0x00000000007eb000 	/System/Library/PrivateFrameworks/Heimdal.framework/Versions/A/Heimdal
0x00000000007eb000 	/usr/lib/libheimdal-asn1.dylib
0x00000000007eb000 	/System/Library/Frameworks/OpenDirectory.framework/Versions/A/OpenDirectory
0x00000000007eb000 	/System/Library/PrivateFrameworks/CommonAuth.framework/Versions/A/CommonAuth
0x00000000007eb000 	/System/Library/Frameworks/OpenDirectory.framework/Versions/A/Frameworks/CFOpenDirectory.framework/Versions/A/CFOpenDirectory
0x00000000007eb000 	/System/Library/Frameworks/SecurityFoundation.framework/Versions/A/SecurityFoundation
0x00000000007eb000 	/System/Library/PrivateFrameworks/LanguageModeling.framework/Versions/A/LanguageModeling
0x00000000007eb000 	/usr/lib/libmarisa.dylib
0x00000000007eb000 	/usr/lib/libChineseTokenizer.dylib
0x00000000007eb000 	/usr/lib/libcmph.dylib
0x00000000007eb000 	/System/Library/Frameworks/ServiceManagement.framework/Versions/A/ServiceManagement
0x00000000007eb000 	/usr/lib/libxslt.1.dylib
0x00000000007eb000 	/System/Library/Frameworks/Carbon.framework/Versions/A/Frameworks/Ink.framework/Versions/A/Ink
0x00000000007eb000 	/usr/lib/libFosl_dynamic.dylib
0x00000000007eb000 	/System/Library/PrivateFrameworks/FaceCore.framework/Versions/A/FaceCore
0x00000000007eb000 	/System/Library/Frameworks/OpenCL.framework/Versions/A/OpenCL
0x00000000007eb000 	/System/Library/PrivateFrameworks/CrashReporterSupport.framework/Versions/A/CrashReporterSupport
0x00000000007eb000 	/System/Library/PrivateFrameworks/IconServices.framework/Versions/A/IconServices
0x00000000007eb000 	/System/Library/PrivateFrameworks/Apple80211.framework/Versions/A/Apple80211
0x00000000007eb000 	/System/Library/Frameworks/CoreWLAN.framework/Versions/A/CoreWLAN
0x00000000007eb000 	/System/Library/Frameworks/IOBluetooth.framework/Versions/A/IOBluetooth
0x00000000007eb000 	/System/Library/PrivateFrameworks/CoreWiFi.framework/Versions/A/CoreWiFi
0x00000000007eb000 	/System/Library/Frameworks/CoreBluetooth.framework/Versions/A/CoreBluetooth
0x00000000007eb000 	/System/Library/PrivateFrameworks/ChunkingLibrary.framework/Versions/A/ChunkingLibrary
0x00000000007eb000 	/System/Library/PrivateFrameworks/DebugSymbols.framework/Versions/A/DebugSymbols
0x00000000007eb000 	/System/Library/PrivateFrameworks/CoreSymbolication.framework/Versions/A/CoreSymbolication
0x00000000007eb000 	/System/Library/PrivateFrameworks/Symbolication.framework/Versions/A/Symbolication
0x00000000007eb000 	/System/Library/PrivateFrameworks/SpeechRecognitionCore.framework/Versions/A/SpeechRecognitionCore
0x000000010ba05000 	/Library/Java/JavaVirtualMachines/jdk1.8.0_101.jdk/Contents/Home/jre/lib/server/libjvm.dylib
0x00000000007eb000 	/usr/lib/libstdc++.6.dylib
0x000000010c9a7000 	/Library/Java/JavaVirtualMachines/jdk1.8.0_101.jdk/Contents/Home/jre/lib/libverify.dylib
0x000000010c9b5000 	/Library/Java/JavaVirtualMachines/jdk1.8.0_101.jdk/Contents/Home/jre/lib/libjava.dylib
0x000000010c9f3000 	/Library/Java/JavaVirtualMachines/jdk1.8.0_101.jdk/Contents/Home/jre/lib/libzip.dylib
0x0000000127636000 	/System/Library/Frameworks/JavaVM.framework/Frameworks/JavaRuntimeSupport.framework/JavaRuntimeSupport
0x0000000127651000 	/System/Library/Frameworks/JavaVM.framework/Versions/A/Frameworks/JavaNativeFoundation.framework/Versions/A/JavaNativeFoundation
0x0000000127666000 	/System/Library/Frameworks/JavaVM.framework/Versions/A/JavaVM
0x00000000007eb000 	/System/Library/Frameworks/Carbon.framework/Versions/A/Carbon
0x0000000127673000 	/System/Library/PrivateFrameworks/JavaLaunching.framework/Versions/A/JavaLaunching
0x00000000007eb000 	/System/Library/Frameworks/Carbon.framework/Versions/A/Frameworks/CommonPanels.framework/Versions/A/CommonPanels
0x00000000007eb000 	/System/Library/Frameworks/Carbon.framework/Versions/A/Frameworks/Help.framework/Versions/A/Help
0x00000000007eb000 	/System/Library/Frameworks/Carbon.framework/Versions/A/Frameworks/ImageCapture.framework/Versions/A/ImageCapture
0x00000000007eb000 	/System/Library/Frameworks/Carbon.framework/Versions/A/Frameworks/OpenScripting.framework/Versions/A/OpenScripting
0x00000000007eb000 	/System/Library/Frameworks/Carbon.framework/Versions/A/Frameworks/Print.framework/Versions/A/Print
0x00000000007eb000 	/System/Library/Frameworks/Carbon.framework/Versions/A/Frameworks/SecurityHI.framework/Versions/A/SecurityHI
0x00000001291a6000 	/Applications/IntelliJ IDEA.app/Contents/bin/libbreakgen64.jnilib
0x00000001291a9000 	/Library/Java/JavaVirtualMachines/jdk1.8.0_101.jdk/Contents/Home/jre/lib/libnet.dylib
0x0000000129208000 	/Library/Java/JavaVirtualMachines/jdk1.8.0_101.jdk/Contents/Home/jre/lib/libnio.dylib
0x0000000129218000 	/private/var/folders/2c/vxy_2s3s5gjfvrp51gknkty80000gn/T/lwjglbackes/3.1.1-build-16/liblwjgl.dylib
0x000000012923c000 	/var/folders/2c/vxy_2s3s5gjfvrp51gknkty80000gn/T/lwjglbackes/3.1.1-build-16/libglfw.dylib
0x00000000007eb000 	/System/Library/PrivateFrameworks/CoreServicesInternal.framework/Versions/A/CoreServicesInternal
0x00000000007eb000 	/System/Library/PrivateFrameworks/FamilyControls.framework/Versions/A/FamilyControls
0x00000000007eb000 	/System/Library/PrivateFrameworks/CommerceKit.framework/Versions/A/Frameworks/CommerceCore.framework/Versions/A/CommerceCore
0x00000000007eb000 	/System/Library/PrivateFrameworks/SystemAdministration.framework/Versions/A/SystemAdministration
0x00000000007eb000 	/System/Library/PrivateFrameworks/AppContainer.framework/Versions/A/AppContainer
0x00000000007eb000 	/System/Library/PrivateFrameworks/SecCodeWrapper.framework/Versions/A/SecCodeWrapper
0x00000000007eb000 	/System/Library/Frameworks/DirectoryService.framework/Versions/A/DirectoryService
0x00000000007eb000 	/System/Library/PrivateFrameworks/DiskImages.framework/Versions/A/DiskImages
0x00000000007eb000 	/System/Library/PrivateFrameworks/LoginUIKit.framework/Versions/A/Frameworks/LoginUICore.framework/Versions/A/LoginUICore
0x00000000007eb000 	/usr/lib/libCoreStorage.dylib
0x00000000007eb000 	/usr/lib/libcsfde.dylib
0x00000000007eb000 	/usr/lib/libodfde.dylib
0x00000000007eb000 	/System/Library/Frameworks/DiscRecording.framework/Versions/A/DiscRecording
0x00000000007eb000 	/usr/lib/libcurl.4.dylib
0x00000000007eb000 	/System/Library/PrivateFrameworks/MediaKit.framework/Versions/A/MediaKit
0x00000000007eb000 	/System/Library/PrivateFrameworks/ProtectedCloudStorage.framework/Versions/A/ProtectedCloudStorage
0x00000000007eb000 	/System/Library/PrivateFrameworks/EFILogin.framework/Versions/A/EFILogin
0x00000000007eb000 	/usr/lib/libutil.dylib
0x00000000007eb000 	/System/Library/PrivateFrameworks/FindMyDevice.framework/Versions/A/FindMyDevice
0x00000000007eb000 	/System/Library/Frameworks/LDAP.framework/Versions/A/LDAP
0x00000000007eb000 	/usr/lib/libsasl2.2.dylib
0x00000000007eb000 	/System/Library/PrivateFrameworks/CoreDaemon.framework/Versions/B/CoreDaemon
0x00000000007eb000 	/usr/lib/libcrypto.0.9.8.dylib
0x00000000007eb000 	/System/Library/PrivateFrameworks/AppleSRP.framework/Versions/A/AppleSRP
0x00000000007eb000 	/System/Library/PrivateFrameworks/TrustEvaluationAgent.framework/Versions/A/TrustEvaluationAgent
0x00000000007eb000 	/System/Library/Frameworks/CoreGraphics.framework/Versions/A/Resources/libCGXType.A.dylib
0x00000000007eb000 	/System/Library/Frameworks/OpenGL.framework/Versions/A/Resources/GLEngine.bundle/GLEngine
0x00000000007eb000 	/System/Library/Frameworks/OpenGL.framework/Versions/A/Libraries/libGLProgrammability.dylib
0x000000012aee4000 	/System/Library/Extensions/AppleIntelBDWGraphicsGLDriver.bundle/Contents/MacOS/AppleIntelBDWGraphicsGLDriver
0x00000000007eb000 	/System/Library/PrivateFrameworks/GPUSupport.framework/Versions/A/Libraries/libGPUSupportMercury.dylib
0x00000000007eb000 	/System/Library/Frameworks/OpenGL.framework/Versions/A/Resources/GLRendererFloat.bundle/GLRendererFloat
0x00000000007eb000 	/System/Library/Frameworks/OpenCL.framework/Versions/A/Libraries/libcldcpuengine.dylib
0x000000012c1b3000 	/var/folders/2c/vxy_2s3s5gjfvrp51gknkty80000gn/T/lwjglbackes/3.1.1-build-16/libjemalloc.dylib
0x000000012c600000 	/private/var/folders/2c/vxy_2s3s5gjfvrp51gknkty80000gn/T/lwjglbackes/3.1.1-build-16/liblwjgl_opengl.dylib

VM Arguments:
jvm_args: -Dvisualvm.id=1358132021509308 -Djava.awt.headless=true -Didea.launcher.port=7534 -Didea.launcher.bin.path=/Applications/IntelliJ IDEA.app/Contents/bin -Dfile.encoding=UTF-8 
java_command: com.intellij.rt.execution.application.AppMain main.Engine
java_class_path (initial): /Library/Java/JavaVirtualMachines/jdk1.8.0_101.jdk/Contents/Home/jre/lib/charsets.jar:/Library/Java/JavaVirtualMachines/jdk1.8.0_101.jdk/Contents/Home/jre/lib/deploy.jar:/Library/Java/JavaVirtualMachines/jdk1.8.0_101.jdk/Contents/Home/jre/lib/ext/cldrdata.jar:/Library/Java/JavaVirtualMachines/jdk1.8.0_101.jdk/Contents/Home/jre/lib/ext/dnsns.jar:/Library/Java/JavaVirtualMachines/jdk1.8.0_101.jdk/Contents/Home/jre/lib/ext/jaccess.jar:/Library/Java/JavaVirtualMachines/jdk1.8.0_101.jdk/Contents/Home/jre/lib/ext/jfxrt.jar:/Library/Java/JavaVirtualMachines/jdk1.8.0_101.jdk/Contents/Home/jre/lib/ext/localedata.jar:/Library/Java/JavaVirtualMachines/jdk1.8.0_101.jdk/Contents/Home/jre/lib/ext/nashorn.jar:/Library/Java/JavaVirtualMachines/jdk1.8.0_101.jdk/Contents/Home/jre/lib/ext/sunec.jar:/Library/Java/JavaVirtualMachines/jdk1.8.0_101.jdk/Contents/Home/jre/lib/ext/sunjce_provider.jar:/Library/Java/JavaVirtualMachines/jdk1.8.0_101.jdk/Contents/Home/jre/lib/ext/sunpkcs11.jar:/Library/Java/JavaVirtualMachines/jdk1.8.0_101.jdk/Contents/Home/jre/lib/ext/zipfs.jar:/Library/Java/JavaVirtualMachines/jdk1.8.0_101.jdk/Contents/Home/jre/lib/javaws.jar:/Library/Java/JavaVirtualMachines/jdk1.8.0_101.jdk/Contents/Home/jre/lib/jce.jar:/Library/Java/JavaVirtualMachines/jdk1.8.0_101.jdk/Contents/Home/jre/lib/jfr.jar:/Library/Java/JavaVirtualMachines/jdk1.8.0_101.jdk/Contents/Home/jre/lib/jfxswt.jar:/Library/Java/JavaVirtualMachines/jdk1.8.0_101.jdk/Contents/Home/jre/lib/jsse.jar:/Library/Java/JavaVirtualMachines/jdk1.8.0_101.jdk/Contents/Home/jre/lib/management-agent.jar:/Library/Java/JavaVirtualMachines/jdk1.8.0_101.jdk/Contents/Home/jre/lib/plugin.jar:/Library/Java/JavaVirtualMachines/jdk1.8.0_101.jdk/Contents/Home/jre/lib/resources.jar:/Library/Java/JavaVirtualMachines/jdk1.8.0_101.jdk/Contents/Home/jre/lib/rt.jar:/Library/Java/JavaVirtualMachines/jdk1.8.0_101.jdk/Contents/Home/lib/ant-javafx.jar:/Library/Java/JavaVirtualMachines/jdk1.8.0_101.jdk/Contents/Home
Launcher Type: SUN_STANDARD

Environment Variables:
JAVA_HOME=/Library/Java/JavaVirtualMachines/jdk1.8.0_101.jdk/Contents/Home
PATH=/usr/local/bin:/usr/bin:/bin:/usr/sbin:/sbin:/opt/X11/bin:/Library/TeX/texbin
SHELL=/bin/bash
DISPLAY=/private/tmp/com.apple.launchd.66yWy9FaCP/org.macosforge.xquartz:0

Signal Handlers:
SIGSEGV: [libjvm.dylib+0x5af145], sa_mask[0]=11111111011111110111111111111111, sa_flags=SA_ONSTACK|SA_RESTART|SA_SIGINFO
SIGBUS: [libjvm.dylib+0x5af145], sa_mask[0]=11111111011111110111111111111111, sa_flags=SA_RESTART|SA_SIGINFO
SIGFPE: [libjvm.dylib+0x48694c], sa_mask[0]=11111111011111110111111111111111, sa_flags=SA_RESTART|SA_SIGINFO
SIGPIPE: [libjvm.dylib+0x48694c], sa_mask[0]=11111111011111110111111111111111, sa_flags=SA_RESTART|SA_SIGINFO
SIGXFSZ: [libjvm.dylib+0x48694c], sa_mask[0]=11111111011111110111111111111111, sa_flags=SA_RESTART|SA_SIGINFO
SIGILL: [libjvm.dylib+0x48694c], sa_mask[0]=11111111011111110111111111111111, sa_flags=SA_RESTART|SA_SIGINFO
SIGUSR1: SIG_DFL, sa_mask[0]=00000000000000000000000000000000, sa_flags=none
SIGUSR2: [libjvm.dylib+0x48646a], sa_mask[0]=00100000000000000000000000000000, sa_flags=SA_RESTART|SA_SIGINFO
SIGHUP: [libjvm.dylib+0x484a41], sa_mask[0]=11111111011111110111111111111111, sa_flags=SA_RESTART|SA_SIGINFO
SIGINT: [libjvm.dylib+0x484a41], sa_mask[0]=11111111011111110111111111111111, sa_flags=SA_RESTART|SA_SIGINFO
SIGTERM: [libjvm.dylib+0x484a41], sa_mask[0]=11111111011111110111111111111111, sa_flags=SA_RESTART|SA_SIGINFO
SIGQUIT: [libjvm.dylib+0x484a41], sa_mask[0]=11111111011111110111111111111111, sa_flags=SA_RESTART|SA_SIGINFO


---------------  S Y S T E M  ---------------

OS:Bsduname:Darwin 15.6.0 Darwin Kernel Version 15.6.0: Thu Sep  1 15:01:16 PDT 2016; root:xnu-3248.60.11~2/RELEASE_X86_64 x86_64
rlimit: STACK 8192k, CORE 0k, NPROC 709, NOFILE 10240, AS infinity
load average:4.31 4.63 3.95

CPU:total 4 (2 cores per cpu, 2 threads per core) family 6 model 61 stepping 4, cmov, cx8, fxsr, mmx, sse, sse2, sse3, ssse3, sse4.1, sse4.2, popcnt, avx, avx2, aes, clmul, erms, 3dnowpref, lzcnt, ht, tsc, tscinvbit, bmi1, bmi2, adx

Memory: 4k page, physical 16777216k(185076k free)

/proc/meminfo:


vm_info: Java HotSpot(TM) 64-Bit Server VM (25.101-b13) for bsd-amd64 JRE (1.8.0_101-b13), built on Jun 22 2016 02:42:15 by "java_re" with gcc 4.2.1 (Based on Apple Inc. build 5658) (LLVM build 2336.11.00)

time: Fri Feb 24 22:33:01 2017
elapsed time: 0 seconds (0d 0h 0m 0s)

