#
# A fatal error has been detected by the Java Runtime Environment:
#
#  SIGSEGV (0xb) at pc=0x0000000131c1042b, pid=25566, tid=0x0000000000004d03
#
# JRE version: Java(TM) SE Runtime Environment (8.0_101-b13) (build 1.8.0_101-b13)
# Java VM: Java HotSpot(TM) 64-Bit Server VM (25.101-b13 mixed mode bsd-amd64 compressed oops)
# Problematic frame:
# C  [liblwjgl_opengl.dylib+0x1042b]
[error occurred during error reporting (printing problematic frame), id 0xe0000000]

# Failed to write core dump. Core dumps have been disabled. To enable core dumping, try "ulimit -c unlimited" before starting Java again
#
# If you would like to submit a bug report, please visit:
#   http://bugreport.java.com/bugreport/crash.jsp
# The crash happened outside the Java Virtual Machine in native code.
# See problematic frame for where to report the bug.
#

---------------  T H R E A D  ---------------

Current thread (0x00007f994109f800):  JavaThread "Thread-0" [_thread_in_native, id=19715, stack(0x000070000104a000,0x000070000114a000)]

siginfo: si_signo: 11 (SIGSEGV), si_code: 1 (SEGV_MAPERR), si_addr: 0x00000000000000d8

Registers:
RAX=0x0000000000000000, RBX=0x0000000129921118, RCX=0x0000000000000001, RDX=0x0000000000008892
RSP=0x0000700001149740, RBP=0x0000700001149740, RSI=0x00007000011497b0, RDI=0x00007f994109f9f8
R8 =0x00000000000013b3, R9 =0x00007f994203c000, R10=0x0000000110a179a8, R11=0x000000010f5d1b5b
R12=0x0000000000000000, R13=0x0000000129921118, R14=0x00007000011497c8, R15=0x00007f994109f800
RIP=0x0000000131c1042b, EFLAGS=0x0000000000010216, ERR=0x0000000000000004
  TRAPNO=0x000000000000000e

Top of Stack: (sp=0x0000700001149740)
0x0000700001149740:   00007000011497a0 0000000110a179d4
0x0000700001149750:   00000001297e156c 00007000011497c8
0x0000700001149760:   0000700001149760 0000000000000000
0x0000700001149770:   00007000011497c8 0000000129925520
0x0000700001149780:   0000000000000000 0000000129921118
0x0000700001149790:   0000000000000000 00007000011497c0
0x00007000011497a0:   0000700001149810 0000000110a082bd
0x00007000011497b0:   000000076b694e58 0000000110a11538
0x00007000011497c0:   0000000000000001 0000000000008892
0x00007000011497d0:   00007000011497d0 00000001299211b2
0x00007000011497e0:   0000700001149828 0000000129925520
0x00007000011497f0:   0000000000000000 00000001299211d8
0x0000700001149800:   00007000011497c0 0000700001149820
0x0000700001149810:   0000700001149880 0000000110a082bd
0x0000700001149820:   0000000000000001 0000000000008892
0x0000700001149830:   0000000110a23203 000000076b8dd3a8
0x0000700001149840:   0000700001149830 00000001299b560c
0x0000700001149850:   00007000011498a8 00000001299b5820
0x0000700001149860:   0000000000000000 00000001299b5658
0x0000700001149870:   0000700001149820 0000700001149898
0x0000700001149880:   00007000011498f0 0000000110a082bd
0x0000700001149890:   000000076b0a2508 0000000000000001
0x00007000011498a0:   000000076bb6ede8 000000076b8dd3a8
0x00007000011498b0:   00007000011498b0 000000012971bb56
0x00007000011498c0:   0000700001149910 000000012971bd18
0x00007000011498d0:   0000000000000000 000000012971bbb0
0x00007000011498e0:   0000700001149898 0000700001149910
0x00007000011498f0:   0000700001149958 0000000110a08302
0x0000700001149900:   000000076b06deb8 000000076b0234e8
0x0000700001149910:   000000076ae3c520 0000700001149918
0x0000700001149920:   0000000129344993 0000700001149968
0x0000700001149930:   00000001293cbe98 0000000000000000 

Instructions: (pc=0x0000000131c1042b)
0x0000000131c1040b:   48 89 d7 5d ff a0 08 42 00 00 66 66 2e 0f 1f 84
0x0000000131c1041b:   00 00 00 00 00 55 48 89 e5 48 8b 07 48 8b 40 18
0x0000000131c1042b:   48 8b 80 d8 00 00 00 89 d7 89 ce 5d ff e0 0f 1f
0x0000000131c1043b:   80 00 00 00 00 55 48 89 e5 48 8b 07 48 8b 40 18 

Register to memory mapping:

RAX=0x0000000000000000 is an unknown value
RBX={method} {0x0000000129921118} 'nglBindBuffer' '(II)V' in 'org/lwjgl/opengl/GL15'
RCX=0x0000000000000001 is an unknown value
RDX=0x0000000000008892 is an unknown value
RSP=0x0000700001149740 is pointing into the stack for thread: 0x00007f994109f800
RBP=0x0000700001149740 is pointing into the stack for thread: 0x00007f994109f800
RSI=0x00007000011497b0 is pointing into the stack for thread: 0x00007f994109f800
RDI=0x00007f994109f9f8 is an unknown value
R8 =0x00000000000013b3 is an unknown value
R9 =0x00007f994203c000 is an unknown value
R10=0x0000000110a179a8 is at code_begin+808 in an Interpreter codelet
method entry point (kind = native)  [0x0000000110a17680, 0x0000000110a17f80]  2304 bytes
R11=0x000000010f5d1b5b: throw_unsatisfied_link_error+0 in /Library/Java/JavaVirtualMachines/jdk1.8.0_101.jdk/Contents/Home/jre/lib/server/libjvm.dylib at 0x000000010f0ef000
R12=0x0000000000000000 is an unknown value
R13={method} {0x0000000129921118} 'nglBindBuffer' '(II)V' in 'org/lwjgl/opengl/GL15'
R14=0x00007000011497c8 is pointing into the stack for thread: 0x00007f994109f800
R15=0x00007f994109f800 is a thread


Stack: [0x000070000104a000,0x000070000114a000],  sp=0x0000700001149740,  free space=1021k
Native frames: (J=compiled Java code, j=interpreted, Vv=VM code, C=native code)
C  [liblwjgl_opengl.dylib+0x1042b]
[error occurred during error reporting (printing native stack), id 0xe0000000]

Java frames: (J=compiled Java code, j=interpreted, Vv=VM code)
j  org.lwjgl.opengl.GL15.nglBindBuffer(II)V+0
j  org.lwjgl.opengl.GL15.glBindBuffer(II)V+2
j  renderer.Loader.updateVBO([FI)V+20
j  utils.Console.run()V+94
j  java.lang.Thread.run()V+11
v  ~StubRoutines::call_stub

---------------  P R O C E S S  ---------------

Java Threads: ( => current thread )
=>0x00007f994109f800 JavaThread "Thread-0" [_thread_in_native, id=19715, stack(0x000070000104a000,0x000070000114a000)]
  0x00007f99418b9000 JavaThread "Monitor Ctrl-Break" daemon [_thread_in_native, id=19203, stack(0x0000700000f47000,0x0000700001047000)]
  0x00007f9941845000 JavaThread "Service Thread" daemon [_thread_blocked, id=18179, stack(0x0000700000d41000,0x0000700000e41000)]
  0x00007f9942812800 JavaThread "C1 CompilerThread2" daemon [_thread_blocked, id=17667, stack(0x0000700000c3e000,0x0000700000d3e000)]
  0x00007f994104f000 JavaThread "C2 CompilerThread1" daemon [_thread_in_native, id=17155, stack(0x0000700000b3b000,0x0000700000c3b000)]
  0x00007f9942811800 JavaThread "C2 CompilerThread0" daemon [_thread_blocked, id=16643, stack(0x0000700000a38000,0x0000700000b38000)]
  0x00007f9941030800 JavaThread "Signal Dispatcher" daemon [_thread_blocked, id=13835, stack(0x0000700000935000,0x0000700000a35000)]
  0x00007f9941023000 JavaThread "Finalizer" daemon [_thread_blocked, id=12803, stack(0x000070000072c000,0x000070000082c000)]
  0x00007f9941004000 JavaThread "Reference Handler" daemon [_thread_blocked, id=12291, stack(0x0000700000629000,0x0000700000729000)]
  0x00007f994200d800 JavaThread "main" [_thread_in_native, id=2571, stack(0x00007fff5058d000,0x00007fff50d8d000)]

Other Threads:
  0x00007f994201f800 VMThread [stack: 0x0000700000526000,0x0000700000626000] [id=11779]
  0x00007f9942817000 WatcherThread [stack: 0x0000700000e44000,0x0000700000f44000] [id=18691]

VM state:not at safepoint (normal execution)

VM Mutex/Monitor currently owned by a thread: None

Heap:
 PSYoungGen      total 76288K, used 18419K [0x000000076ab00000, 0x0000000770000000, 0x00000007c0000000)
  eden space 65536K, 28% used [0x000000076ab00000,0x000000076bcfcdb0,0x000000076eb00000)
  from space 10752K, 0% used [0x000000076f580000,0x000000076f580000,0x0000000770000000)
  to   space 10752K, 0% used [0x000000076eb00000,0x000000076eb00000,0x000000076f580000)
 ParOldGen       total 175104K, used 0K [0x00000006c0000000, 0x00000006cab00000, 0x000000076ab00000)
  object space 175104K, 0% used [0x00000006c0000000,0x00000006c0000000,0x00000006cab00000)
 Metaspace       used 8863K, capacity 9015K, committed 9088K, reserved 1056768K
  class space    used 778K, capacity 841K, committed 896K, reserved 1048576K

Card table byte_map: [0x000000011fdc0000,0x00000001205c1000] byte_map_base: 0x000000011c7c0000

Marking Bits: (ParMarkBitMap*) 0x000000010f9dcd20
 Begin Bits: [0x0000000120b17000, 0x0000000124b17000)
 End Bits:   [0x0000000124b17000, 0x0000000128b17000)

Polling page: 0x00000001100d4000

CodeCache: size=245760Kb used=2851Kb max_used=2862Kb free=242909Kb
 bounds [0x0000000110a00000, 0x0000000110cd0000, 0x000000011fa00000]
 total_blobs=1493 nmethods=698 adapters=709
 compilation: enabled

Compilation events (10 events):
Event: 10.385 Thread 0x00007f994104f000 nmethod 694 0x0000000110cc93d0 code [0x0000000110cc9500, 0x0000000110cc9558]
Event: 10.385 Thread 0x00007f9942811800 nmethod 695 0x0000000110cc4e50 code [0x0000000110cc4f80, 0x0000000110cc4fd8]
Event: 10.390 Thread 0x00007f9942812800  696 %     3       generation.TerrainGenerator::falseAlgorithm @ 132 (269 bytes)
Event: 10.391 Thread 0x00007f9942812800 nmethod 696% 0x0000000110cc68d0 code [0x0000000110cc6be0, 0x0000000110cc8368]
Event: 10.391 Thread 0x00007f9942812800  697       3       generation.TerrainGenerator::falseAlgorithm (269 bytes)
Event: 10.392 Thread 0x00007f9942812800 nmethod 697 0x0000000110cc95d0 code [0x0000000110cc98e0, 0x0000000110ccaea8]
Event: 10.392 Thread 0x00007f994104f000  698 %     4       generation.TerrainGenerator::falseAlgorithm @ 132 (269 bytes)
Event: 10.396 Thread 0x00007f9942812800  699       3       utils.Maths::lerp (23 bytes)
Event: 10.396 Thread 0x00007f9942812800 nmethod 699 0x0000000110cc4b10 code [0x0000000110cc4c60, 0x0000000110cc4db0]
Event: 10.396 Thread 0x00007f9942811800  700       4       utils.Maths::lerp (23 bytes)

GC Heap History (0 events):
No events

Deoptimization events (3 events):
Event: 0.271 Thread 0x00007f994200d800 Uncommon trap: reason=unstable_if action=reinterpret pc=0x0000000110b1f0c0 method=java.lang.String.indexOf(II)I @ 49
Event: 0.276 Thread 0x00007f994200d800 Uncommon trap: reason=unstable_if action=reinterpret pc=0x0000000110b0b368 method=java.lang.String.hashCode()I @ 14
Event: 6.142 Thread 0x00007f994200d800 Uncommon trap: reason=unstable_if action=reinterpret pc=0x0000000110be10dc method=java.lang.String.replace(CC)Ljava/lang/String; @ 26

Internal exceptions (10 events):
Event: 0.316 Thread 0x00007f994109f800 Exception <a 'java/security/PrivilegedActionException'> (0x000000076b045f30) thrown at [/HUDSON3/workspace/8-2-build-macosx-x86_64/jdk8u101/7261/hotspot/src/share/vm/prims/jvm.cpp, line 1386]
Event: 0.565 Thread 0x00007f994200d800 Exception <a 'java/lang/NoSuchFieldError': method resolution failed> (0x000000076b278960) thrown at [/HUDSON3/workspace/8-2-build-macosx-x86_64/jdk8u101/7261/hotspot/src/share/vm/prims/methodHandles.cpp, line 1146]
Event: 0.568 Thread 0x00007f994200d800 Exception <a 'java/lang/NoSuchFieldError': method resolution failed> (0x000000076b286080) thrown at [/HUDSON3/workspace/8-2-build-macosx-x86_64/jdk8u101/7261/hotspot/src/share/vm/prims/methodHandles.cpp, line 1146]
Event: 0.730 Thread 0x00007f994200d800 Exception <a 'sun/nio/fs/UnixException'> (0x000000076b419be0) thrown at [/HUDSON3/workspace/8-2-build-macosx-x86_64/jdk8u101/7261/hotspot/src/share/vm/prims/jni.cpp, line 709]
Event: 0.731 Thread 0x00007f994200d800 Exception <a 'sun/nio/fs/UnixException'> (0x000000076b41b380) thrown at [/HUDSON3/workspace/8-2-build-macosx-x86_64/jdk8u101/7261/hotspot/src/share/vm/prims/jni.cpp, line 709]
Event: 0.731 Thread 0x00007f994200d800 Exception <a 'sun/nio/fs/UnixException'> (0x000000076b41bbe0) thrown at [/HUDSON3/workspace/8-2-build-macosx-x86_64/jdk8u101/7261/hotspot/src/share/vm/prims/jni.cpp, line 709]
Event: 0.731 Thread 0x00007f994200d800 Exception <a 'sun/nio/fs/UnixException'> (0x000000076b41c468) thrown at [/HUDSON3/workspace/8-2-build-macosx-x86_64/jdk8u101/7261/hotspot/src/share/vm/prims/jni.cpp, line 709]
Event: 0.731 Thread 0x00007f994200d800 Exception <a 'sun/nio/fs/UnixException'> (0x000000076b41ccf8) thrown at [/HUDSON3/workspace/8-2-build-macosx-x86_64/jdk8u101/7261/hotspot/src/share/vm/prims/jni.cpp, line 709]
Event: 0.731 Thread 0x00007f994200d800 Exception <a 'sun/nio/fs/UnixException'> (0x000000076b41d458) thrown at [/HUDSON3/workspace/8-2-build-macosx-x86_64/jdk8u101/7261/hotspot/src/share/vm/prims/jni.cpp, line 709]
Event: 0.731 Thread 0x00007f994200d800 Exception <a 'sun/nio/fs/UnixException'> (0x000000076b41dad0) thrown at [/HUDSON3/workspace/8-2-build-macosx-x86_64/jdk8u101/7261/hotspot/src/share/vm/prims/jni.cpp, line 709]

Events (10 events):
Event: 6.227 loading class models/Model
Event: 6.227 loading class models/Model done
Event: 6.229 loading class utils/Maths
Event: 6.229 loading class utils/Maths done
Event: 6.247 loading class utils/Input
Event: 6.247 loading class utils/Input done
Event: 6.248 loading class utils/RayCasting
Event: 6.248 loading class utils/RayCasting done
Event: 10.373 loading class java/util/Random
Event: 10.373 loading class java/util/Random done


Dynamic libraries:
0x00000000007eb000 	/System/Library/Frameworks/Cocoa.framework/Versions/A/Cocoa
0x00000000007eb000 	/System/Library/Frameworks/Security.framework/Versions/A/Security
0x00000000007eb000 	/System/Library/Frameworks/ApplicationServices.framework/Versions/A/ApplicationServices
0x00000000007eb000 	/usr/lib/libz.1.dylib
0x00000000007eb000 	/usr/lib/libSystem.B.dylib
0x00000000007eb000 	/usr/lib/libobjc.A.dylib
0x00000000007eb000 	/System/Library/Frameworks/CoreFoundation.framework/Versions/A/CoreFoundation
0x00000000007eb000 	/System/Library/Frameworks/Foundation.framework/Versions/C/Foundation
0x00000000007eb000 	/System/Library/Frameworks/AppKit.framework/Versions/C/AppKit
0x00000000007eb000 	/System/Library/Frameworks/CoreData.framework/Versions/A/CoreData
0x00000000007eb000 	/System/Library/PrivateFrameworks/RemoteViewServices.framework/Versions/A/RemoteViewServices
0x00000000007eb000 	/System/Library/PrivateFrameworks/UIFoundation.framework/Versions/A/UIFoundation
0x00000000007eb000 	/usr/lib/libScreenReader.dylib
0x00000000007eb000 	/System/Library/Frameworks/Accelerate.framework/Versions/A/Accelerate
0x00000000007eb000 	/System/Library/Frameworks/IOSurface.framework/Versions/A/IOSurface
0x00000000007eb000 	/System/Library/Frameworks/AudioToolbox.framework/Versions/A/AudioToolbox
0x00000000007eb000 	/System/Library/Frameworks/AudioUnit.framework/Versions/A/AudioUnit
0x00000000007eb000 	/System/Library/PrivateFrameworks/DataDetectorsCore.framework/Versions/A/DataDetectorsCore
0x00000000007eb000 	/System/Library/PrivateFrameworks/DesktopServicesPriv.framework/Versions/A/DesktopServicesPriv
0x00000000007eb000 	/System/Library/Frameworks/Carbon.framework/Versions/A/Frameworks/HIToolbox.framework/Versions/A/HIToolbox
0x00000000007eb000 	/System/Library/Frameworks/QuartzCore.framework/Versions/A/QuartzCore
0x00000000007eb000 	/System/Library/Frameworks/Carbon.framework/Versions/A/Frameworks/SpeechRecognition.framework/Versions/A/SpeechRecognition
0x00000000007eb000 	/usr/lib/libauto.dylib
0x00000000007eb000 	/usr/lib/libicucore.A.dylib
0x00000000007eb000 	/usr/lib/libxml2.2.dylib
0x00000000007eb000 	/System/Library/PrivateFrameworks/CoreUI.framework/Versions/A/CoreUI
0x00000000007eb000 	/System/Library/Frameworks/CoreAudio.framework/Versions/A/CoreAudio
0x00000000007eb000 	/System/Library/Frameworks/DiskArbitration.framework/Versions/A/DiskArbitration
0x00000000007eb000 	/usr/lib/liblangid.dylib
0x00000000007eb000 	/System/Library/PrivateFrameworks/MultitouchSupport.framework/Versions/A/MultitouchSupport
0x00000000007eb000 	/System/Library/Frameworks/IOKit.framework/Versions/A/IOKit
0x00000000007eb000 	/usr/lib/libDiagnosticMessagesClient.dylib
0x00000000007eb000 	/System/Library/Frameworks/CoreServices.framework/Versions/A/CoreServices
0x00000000007eb000 	/System/Library/PrivateFrameworks/PerformanceAnalysis.framework/Versions/A/PerformanceAnalysis
0x00000000007eb000 	/System/Library/PrivateFrameworks/GenerationalStorage.framework/Versions/A/GenerationalStorage
0x00000000007eb000 	/System/Library/Frameworks/OpenGL.framework/Versions/A/OpenGL
0x00000000007eb000 	/System/Library/PrivateFrameworks/Sharing.framework/Versions/A/Sharing
0x00000000007eb000 	/System/Library/Frameworks/CoreGraphics.framework/Versions/A/CoreGraphics
0x00000000007eb000 	/System/Library/Frameworks/CoreImage.framework/Versions/A/CoreImage
0x00000000007eb000 	/System/Library/Frameworks/CoreText.framework/Versions/A/CoreText
0x00000000007eb000 	/System/Library/Frameworks/ImageIO.framework/Versions/A/ImageIO
0x00000000007eb000 	/System/Library/PrivateFrameworks/Backup.framework/Versions/A/Backup
0x00000000007eb000 	/usr/lib/libextension.dylib
0x00000000007eb000 	/usr/lib/libarchive.2.dylib
0x00000000007eb000 	/System/Library/Frameworks/CFNetwork.framework/Versions/A/CFNetwork
0x00000000007eb000 	/System/Library/Frameworks/SystemConfiguration.framework/Versions/A/SystemConfiguration
0x00000000007eb000 	/usr/lib/libCRFSuite.dylib
0x00000000007eb000 	/usr/lib/libc++.1.dylib
0x00000000007eb000 	/usr/lib/libc++abi.dylib
0x00000000007eb000 	/usr/lib/system/libcache.dylib
0x00000000007eb000 	/usr/lib/system/libcommonCrypto.dylib
0x00000000007eb000 	/usr/lib/system/libcompiler_rt.dylib
0x00000000007eb000 	/usr/lib/system/libcopyfile.dylib
0x00000000007eb000 	/usr/lib/system/libcorecrypto.dylib
0x00000000007eb000 	/usr/lib/system/libdispatch.dylib
0x00000000007eb000 	/usr/lib/system/libdyld.dylib
0x00000000007eb000 	/usr/lib/system/libkeymgr.dylib
0x00000000007eb000 	/usr/lib/system/liblaunch.dylib
0x00000000007eb000 	/usr/lib/system/libmacho.dylib
0x00000000007eb000 	/usr/lib/system/libquarantine.dylib
0x00000000007eb000 	/usr/lib/system/libremovefile.dylib
0x00000000007eb000 	/usr/lib/system/libsystem_asl.dylib
0x00000000007eb000 	/usr/lib/system/libsystem_blocks.dylib
0x00000000007eb000 	/usr/lib/system/libsystem_c.dylib
0x00000000007eb000 	/usr/lib/system/libsystem_configuration.dylib
0x00000000007eb000 	/usr/lib/system/libsystem_coreservices.dylib
0x00000000007eb000 	/usr/lib/system/libsystem_coretls.dylib
0x00000000007eb000 	/usr/lib/system/libsystem_dnssd.dylib
0x00000000007eb000 	/usr/lib/system/libsystem_info.dylib
0x00000000007eb000 	/usr/lib/system/libsystem_kernel.dylib
0x00000000007eb000 	/usr/lib/system/libsystem_m.dylib
0x00000000007eb000 	/usr/lib/system/libsystem_malloc.dylib
0x00000000007eb000 	/usr/lib/system/libsystem_network.dylib
0x00000000007eb000 	/usr/lib/system/libsystem_networkextension.dylib
0x00000000007eb000 	/usr/lib/system/libsystem_notify.dylib
0x00000000007eb000 	/usr/lib/system/libsystem_platform.dylib
0x00000000007eb000 	/usr/lib/system/libsystem_pthread.dylib
0x00000000007eb000 	/usr/lib/system/libsystem_sandbox.dylib
0x00000000007eb000 	/usr/lib/system/libsystem_secinit.dylib
0x00000000007eb000 	/usr/lib/system/libsystem_trace.dylib
0x00000000007eb000 	/usr/lib/system/libunc.dylib
0x00000000007eb000 	/usr/lib/system/libunwind.dylib
0x00000000007eb000 	/usr/lib/system/libxpc.dylib
0x00000000007eb000 	/usr/lib/libenergytrace.dylib
0x00000000007eb000 	/usr/lib/libbsm.0.dylib
0x00000000007eb000 	/usr/lib/system/libkxld.dylib
0x00000000007eb000 	/usr/lib/libxar.1.dylib
0x00000000007eb000 	/usr/lib/libsqlite3.dylib
0x00000000007eb000 	/usr/lib/libpam.2.dylib
0x00000000007eb000 	/usr/lib/libOpenScriptingUtil.dylib
0x00000000007eb000 	/usr/lib/libbz2.1.0.dylib
0x00000000007eb000 	/usr/lib/liblzma.5.dylib
0x00000000007eb000 	/System/Library/Frameworks/CoreServices.framework/Versions/A/Frameworks/FSEvents.framework/Versions/A/FSEvents
0x00000000007eb000 	/System/Library/Frameworks/CoreServices.framework/Versions/A/Frameworks/CarbonCore.framework/Versions/A/CarbonCore
0x00000000007eb000 	/System/Library/Frameworks/CoreServices.framework/Versions/A/Frameworks/Metadata.framework/Versions/A/Metadata
0x00000000007eb000 	/System/Library/Frameworks/CoreServices.framework/Versions/A/Frameworks/OSServices.framework/Versions/A/OSServices
0x00000000007eb000 	/System/Library/Frameworks/CoreServices.framework/Versions/A/Frameworks/SearchKit.framework/Versions/A/SearchKit
0x00000000007eb000 	/System/Library/Frameworks/CoreServices.framework/Versions/A/Frameworks/AE.framework/Versions/A/AE
0x00000000007eb000 	/System/Library/Frameworks/CoreServices.framework/Versions/A/Frameworks/LaunchServices.framework/Versions/A/LaunchServices
0x00000000007eb000 	/System/Library/Frameworks/CoreServices.framework/Versions/A/Frameworks/DictionaryServices.framework/Versions/A/DictionaryServices
0x00000000007eb000 	/System/Library/Frameworks/CoreServices.framework/Versions/A/Frameworks/SharedFileList.framework/Versions/A/SharedFileList
0x00000000007eb000 	/System/Library/Frameworks/NetFS.framework/Versions/A/NetFS
0x00000000007eb000 	/System/Library/PrivateFrameworks/NetAuth.framework/Versions/A/NetAuth
0x00000000007eb000 	/System/Library/PrivateFrameworks/login.framework/Versions/A/Frameworks/loginsupport.framework/Versions/A/loginsupport
0x00000000007eb000 	/System/Library/PrivateFrameworks/TCC.framework/Versions/A/TCC
0x00000000007eb000 	/usr/lib/libmecabra.dylib
0x00000000007eb000 	/System/Library/Frameworks/ApplicationServices.framework/Versions/A/Frameworks/ATS.framework/Versions/A/ATS
0x00000000007eb000 	/System/Library/Frameworks/ApplicationServices.framework/Versions/A/Frameworks/ColorSync.framework/Versions/A/ColorSync
0x00000000007eb000 	/System/Library/Frameworks/ApplicationServices.framework/Versions/A/Frameworks/HIServices.framework/Versions/A/HIServices
0x00000000007eb000 	/System/Library/Frameworks/ApplicationServices.framework/Versions/A/Frameworks/LangAnalysis.framework/Versions/A/LangAnalysis
0x00000000007eb000 	/System/Library/Frameworks/ApplicationServices.framework/Versions/A/Frameworks/PrintCore.framework/Versions/A/PrintCore
0x00000000007eb000 	/System/Library/Frameworks/ApplicationServices.framework/Versions/A/Frameworks/QD.framework/Versions/A/QD
0x00000000007eb000 	/System/Library/Frameworks/ApplicationServices.framework/Versions/A/Frameworks/SpeechSynthesis.framework/Versions/A/SpeechSynthesis
0x00000000007eb000 	/System/Library/Frameworks/Metal.framework/Versions/A/Metal
0x00000000007eb000 	/System/Library/Frameworks/Accelerate.framework/Versions/A/Frameworks/vImage.framework/Versions/A/vImage
0x00000000007eb000 	/System/Library/Frameworks/Accelerate.framework/Versions/A/Frameworks/vecLib.framework/Versions/A/vecLib
0x00000000007eb000 	/System/Library/Frameworks/Accelerate.framework/Versions/A/Frameworks/vecLib.framework/Versions/A/libvDSP.dylib
0x00000000007eb000 	/System/Library/Frameworks/Accelerate.framework/Versions/A/Frameworks/vecLib.framework/Versions/A/libvMisc.dylib
0x00000000007eb000 	/System/Library/Frameworks/Accelerate.framework/Versions/A/Frameworks/vecLib.framework/Versions/A/libLAPACK.dylib
0x00000000007eb000 	/System/Library/Frameworks/Accelerate.framework/Versions/A/Frameworks/vecLib.framework/Versions/A/libBLAS.dylib
0x00000000007eb000 	/System/Library/Frameworks/Accelerate.framework/Versions/A/Frameworks/vecLib.framework/Versions/A/libLinearAlgebra.dylib
0x00000000007eb000 	/System/Library/Frameworks/Accelerate.framework/Versions/A/Frameworks/vecLib.framework/Versions/A/libSparseBLAS.dylib
0x00000000007eb000 	/System/Library/PrivateFrameworks/GPUCompiler.framework/libmetal_timestamp.dylib
0x00000000007eb000 	/System/Library/Frameworks/OpenGL.framework/Versions/A/Libraries/libCoreFSCache.dylib
0x00000000007eb000 	/System/Library/PrivateFrameworks/IOAccelerator.framework/Versions/A/IOAccelerator
0x00000000007eb000 	/System/Library/Frameworks/ApplicationServices.framework/Versions/A/Frameworks/ATS.framework/Versions/A/Resources/libFontParser.dylib
0x00000000007eb000 	/System/Library/Frameworks/ApplicationServices.framework/Versions/A/Frameworks/ATS.framework/Versions/A/Resources/libFontRegistry.dylib
0x00000000007eb000 	/System/Library/PrivateFrameworks/AppleVPA.framework/Versions/A/AppleVPA
0x00000000007eb000 	/System/Library/PrivateFrameworks/AppleJPEG.framework/Versions/A/AppleJPEG
0x00000000007eb000 	/System/Library/Frameworks/ImageIO.framework/Versions/A/Resources/libJPEG.dylib
0x00000000007eb000 	/System/Library/Frameworks/ImageIO.framework/Versions/A/Resources/libTIFF.dylib
0x00000000007eb000 	/System/Library/Frameworks/ImageIO.framework/Versions/A/Resources/libPng.dylib
0x00000000007eb000 	/System/Library/Frameworks/ImageIO.framework/Versions/A/Resources/libGIF.dylib
0x00000000007eb000 	/System/Library/Frameworks/ImageIO.framework/Versions/A/Resources/libJP2.dylib
0x00000000007eb000 	/System/Library/Frameworks/ImageIO.framework/Versions/A/Resources/libRadiance.dylib
0x00000000007eb000 	/System/Library/Frameworks/CoreVideo.framework/Versions/A/CoreVideo
0x00000000007eb000 	/System/Library/Frameworks/OpenGL.framework/Versions/A/Libraries/libGLU.dylib
0x00000000007eb000 	/System/Library/Frameworks/OpenGL.framework/Versions/A/Libraries/libGFXShared.dylib
0x00000000007eb000 	/System/Library/Frameworks/OpenGL.framework/Versions/A/Libraries/libGL.dylib
0x00000000007eb000 	/System/Library/Frameworks/OpenGL.framework/Versions/A/Libraries/libGLImage.dylib
0x00000000007eb000 	/System/Library/Frameworks/OpenGL.framework/Versions/A/Libraries/libCVMSPluginSupport.dylib
0x00000000007eb000 	/System/Library/Frameworks/OpenGL.framework/Versions/A/Libraries/libCoreVMClient.dylib
0x00000000007eb000 	/usr/lib/libcompression.dylib
0x00000000007eb000 	/usr/lib/libcups.2.dylib
0x00000000007eb000 	/System/Library/Frameworks/Kerberos.framework/Versions/A/Kerberos
0x00000000007eb000 	/System/Library/Frameworks/GSS.framework/Versions/A/GSS
0x00000000007eb000 	/usr/lib/libresolv.9.dylib
0x00000000007eb000 	/usr/lib/libiconv.2.dylib
0x00000000007eb000 	/System/Library/PrivateFrameworks/Heimdal.framework/Versions/A/Heimdal
0x00000000007eb000 	/usr/lib/libheimdal-asn1.dylib
0x00000000007eb000 	/System/Library/Frameworks/OpenDirectory.framework/Versions/A/OpenDirectory
0x00000000007eb000 	/System/Library/PrivateFrameworks/CommonAuth.framework/Versions/A/CommonAuth
0x00000000007eb000 	/System/Library/Frameworks/OpenDirectory.framework/Versions/A/Frameworks/CFOpenDirectory.framework/Versions/A/CFOpenDirectory
0x00000000007eb000 	/System/Library/Frameworks/SecurityFoundation.framework/Versions/A/SecurityFoundation
0x00000000007eb000 	/System/Library/PrivateFrameworks/LanguageModeling.framework/Versions/A/LanguageModeling
0x00000000007eb000 	/usr/lib/libmarisa.dylib
0x00000000007eb000 	/usr/lib/libChineseTokenizer.dylib
0x00000000007eb000 	/usr/lib/libcmph.dylib
0x00000000007eb000 	/System/Library/Frameworks/ServiceManagement.framework/Versions/A/ServiceManagement
0x00000000007eb000 	/usr/lib/libxslt.1.dylib
0x00000000007eb000 	/System/Library/Frameworks/Carbon.framework/Versions/A/Frameworks/Ink.framework/Versions/A/Ink
0x00000000007eb000 	/usr/lib/libFosl_dynamic.dylib
0x00000000007eb000 	/System/Library/PrivateFrameworks/FaceCore.framework/Versions/A/FaceCore
0x00000000007eb000 	/System/Library/Frameworks/OpenCL.framework/Versions/A/OpenCL
0x00000000007eb000 	/System/Library/PrivateFrameworks/CrashReporterSupport.framework/Versions/A/CrashReporterSupport
0x00000000007eb000 	/System/Library/PrivateFrameworks/IconServices.framework/Versions/A/IconServices
0x00000000007eb000 	/System/Library/PrivateFrameworks/Apple80211.framework/Versions/A/Apple80211
0x00000000007eb000 	/System/Library/Frameworks/CoreWLAN.framework/Versions/A/CoreWLAN
0x00000000007eb000 	/System/Library/Frameworks/IOBluetooth.framework/Versions/A/IOBluetooth
0x00000000007eb000 	/System/Library/PrivateFrameworks/CoreWiFi.framework/Versions/A/CoreWiFi
0x00000000007eb000 	/System/Library/Frameworks/CoreBluetooth.framework/Versions/A/CoreBluetooth
0x00000000007eb000 	/System/Library/PrivateFrameworks/ChunkingLibrary.framework/Versions/A/ChunkingLibrary
0x00000000007eb000 	/System/Library/PrivateFrameworks/DebugSymbols.framework/Versions/A/DebugSymbols
0x00000000007eb000 	/System/Library/PrivateFrameworks/CoreSymbolication.framework/Versions/A/CoreSymbolication
0x00000000007eb000 	/System/Library/PrivateFrameworks/Symbolication.framework/Versions/A/Symbolication
0x00000000007eb000 	/System/Library/PrivateFrameworks/SpeechRecognitionCore.framework/Versions/A/SpeechRecognitionCore
0x000000010f0ef000 	/Library/Java/JavaVirtualMachines/jdk1.8.0_101.jdk/Contents/Home/jre/lib/server/libjvm.dylib
0x00000000007eb000 	/usr/lib/libstdc++.6.dylib
0x0000000110091000 	/Library/Java/JavaVirtualMachines/jdk1.8.0_101.jdk/Contents/Home/jre/lib/libverify.dylib
0x000000011009f000 	/Library/Java/JavaVirtualMachines/jdk1.8.0_101.jdk/Contents/Home/jre/lib/libjava.dylib
0x00000001100dd000 	/Library/Java/JavaVirtualMachines/jdk1.8.0_101.jdk/Contents/Home/jre/lib/libzip.dylib
0x000000012ad23000 	/System/Library/Frameworks/JavaVM.framework/Frameworks/JavaRuntimeSupport.framework/JavaRuntimeSupport
0x000000012ad3e000 	/System/Library/Frameworks/JavaVM.framework/Versions/A/Frameworks/JavaNativeFoundation.framework/Versions/A/JavaNativeFoundation
0x000000012ad53000 	/System/Library/Frameworks/JavaVM.framework/Versions/A/JavaVM
0x00000000007eb000 	/System/Library/Frameworks/Carbon.framework/Versions/A/Carbon
0x000000012ad60000 	/System/Library/PrivateFrameworks/JavaLaunching.framework/Versions/A/JavaLaunching
0x00000000007eb000 	/System/Library/Frameworks/Carbon.framework/Versions/A/Frameworks/CommonPanels.framework/Versions/A/CommonPanels
0x00000000007eb000 	/System/Library/Frameworks/Carbon.framework/Versions/A/Frameworks/Help.framework/Versions/A/Help
0x00000000007eb000 	/System/Library/Frameworks/Carbon.framework/Versions/A/Frameworks/ImageCapture.framework/Versions/A/ImageCapture
0x00000000007eb000 	/System/Library/Frameworks/Carbon.framework/Versions/A/Frameworks/OpenScripting.framework/Versions/A/OpenScripting
0x00000000007eb000 	/System/Library/Frameworks/Carbon.framework/Versions/A/Frameworks/Print.framework/Versions/A/Print
0x00000000007eb000 	/System/Library/Frameworks/Carbon.framework/Versions/A/Frameworks/SecurityHI.framework/Versions/A/SecurityHI
0x000000012c890000 	/Applications/IntelliJ IDEA.app/Contents/bin/libbreakgen64.jnilib
0x000000012c893000 	/Library/Java/JavaVirtualMachines/jdk1.8.0_101.jdk/Contents/Home/jre/lib/libnet.dylib
0x000000012c8f2000 	/Library/Java/JavaVirtualMachines/jdk1.8.0_101.jdk/Contents/Home/jre/lib/libnio.dylib
0x000000012c902000 	/private/var/folders/2c/vxy_2s3s5gjfvrp51gknkty80000gn/T/lwjglbackes/3.1.1-build-16/liblwjgl.dylib
0x000000012c926000 	/var/folders/2c/vxy_2s3s5gjfvrp51gknkty80000gn/T/lwjglbackes/3.1.1-build-16/libglfw.dylib
0x00000000007eb000 	/System/Library/PrivateFrameworks/CoreServicesInternal.framework/Versions/A/CoreServicesInternal
0x00000000007eb000 	/System/Library/PrivateFrameworks/FamilyControls.framework/Versions/A/FamilyControls
0x00000000007eb000 	/System/Library/PrivateFrameworks/CommerceKit.framework/Versions/A/Frameworks/CommerceCore.framework/Versions/A/CommerceCore
0x00000000007eb000 	/System/Library/PrivateFrameworks/SystemAdministration.framework/Versions/A/SystemAdministration
0x00000000007eb000 	/System/Library/PrivateFrameworks/AppContainer.framework/Versions/A/AppContainer
0x00000000007eb000 	/System/Library/PrivateFrameworks/SecCodeWrapper.framework/Versions/A/SecCodeWrapper
0x00000000007eb000 	/System/Library/Frameworks/DirectoryService.framework/Versions/A/DirectoryService
0x00000000007eb000 	/System/Library/PrivateFrameworks/DiskImages.framework/Versions/A/DiskImages
0x00000000007eb000 	/System/Library/PrivateFrameworks/LoginUIKit.framework/Versions/A/Frameworks/LoginUICore.framework/Versions/A/LoginUICore
0x00000000007eb000 	/usr/lib/libCoreStorage.dylib
0x00000000007eb000 	/usr/lib/libcsfde.dylib
0x00000000007eb000 	/usr/lib/libodfde.dylib
0x00000000007eb000 	/System/Library/Frameworks/DiscRecording.framework/Versions/A/DiscRecording
0x00000000007eb000 	/usr/lib/libcurl.4.dylib
0x00000000007eb000 	/System/Library/PrivateFrameworks/MediaKit.framework/Versions/A/MediaKit
0x00000000007eb000 	/System/Library/PrivateFrameworks/ProtectedCloudStorage.framework/Versions/A/ProtectedCloudStorage
0x00000000007eb000 	/System/Library/PrivateFrameworks/EFILogin.framework/Versions/A/EFILogin
0x00000000007eb000 	/usr/lib/libutil.dylib
0x00000000007eb000 	/System/Library/PrivateFrameworks/FindMyDevice.framework/Versions/A/FindMyDevice
0x00000000007eb000 	/System/Library/Frameworks/LDAP.framework/Versions/A/LDAP
0x00000000007eb000 	/usr/lib/libsasl2.2.dylib
0x00000000007eb000 	/System/Library/PrivateFrameworks/CoreDaemon.framework/Versions/B/CoreDaemon
0x00000000007eb000 	/usr/lib/libcrypto.0.9.8.dylib
0x00000000007eb000 	/System/Library/PrivateFrameworks/AppleSRP.framework/Versions/A/AppleSRP
0x00000000007eb000 	/System/Library/PrivateFrameworks/TrustEvaluationAgent.framework/Versions/A/TrustEvaluationAgent
0x00000000007eb000 	/System/Library/Frameworks/CoreGraphics.framework/Versions/A/Resources/libCGXType.A.dylib
0x00000000007eb000 	/System/Library/Frameworks/CoreGraphics.framework/Versions/A/Resources/libRIP.A.dylib
0x00000000007eb000 	/System/Library/Frameworks/Accelerate.framework/Versions/A/Frameworks/vImage.framework/Versions/A/Libraries/libCGInterfaces.dylib
0x00000000007eb000 	/System/Library/Frameworks/OpenCL.framework/Versions/A/Libraries/libcldcpuengine.dylib
0x000000012f84a000 	cl_kernels
0x00000000007eb000 	/System/Library/Frameworks/OpenCL.framework/Versions/A/Libraries/ImageFormats/unorm8_bgra.dylib
0x00000000007eb000 	/System/Library/Frameworks/OpenCL.framework/Versions/A/Libraries/ImageFormats/unorm8_rgba.dylib
0x00000000007eb000 	/System/Library/Frameworks/OpenGL.framework/Versions/A/Resources/GLEngine.bundle/GLEngine
0x00000000007eb000 	/System/Library/Frameworks/OpenGL.framework/Versions/A/Libraries/libGLProgrammability.dylib
0x000000012fa44000 	/System/Library/Extensions/AppleIntelBDWGraphicsGLDriver.bundle/Contents/MacOS/AppleIntelBDWGraphicsGLDriver
0x00000000007eb000 	/System/Library/PrivateFrameworks/GPUSupport.framework/Versions/A/Libraries/libGPUSupportMercury.dylib
0x00000000007eb000 	/System/Library/Frameworks/OpenGL.framework/Versions/A/Resources/GLRendererFloat.bundle/GLRendererFloat
0x000000012f6a1000 	/var/folders/2c/vxy_2s3s5gjfvrp51gknkty80000gn/T/lwjglbackes/3.1.1-build-16/libjemalloc.dylib
0x0000000131c00000 	/private/var/folders/2c/vxy_2s3s5gjfvrp51gknkty80000gn/T/lwjglbackes/3.1.1-build-16/liblwjgl_opengl.dylib

VM Arguments:
jvm_args: -Dvisualvm.id=1760763798156538 -Djava.awt.headless=true -Didea.launcher.port=7544 -Didea.launcher.bin.path=/Applications/IntelliJ IDEA.app/Contents/bin -Dfile.encoding=UTF-8 
java_command: com.intellij.rt.execution.application.AppMain main.Engine
java_class_path (initial): /Library/Java/JavaVirtualMachines/jdk1.8.0_101.jdk/Contents/Home/jre/lib/charsets.jar:/Library/Java/JavaVirtualMachines/jdk1.8.0_101.jdk/Contents/Home/jre/lib/deploy.jar:/Library/Java/JavaVirtualMachines/jdk1.8.0_101.jdk/Contents/Home/jre/lib/ext/cldrdata.jar:/Library/Java/JavaVirtualMachines/jdk1.8.0_101.jdk/Contents/Home/jre/lib/ext/dnsns.jar:/Library/Java/JavaVirtualMachines/jdk1.8.0_101.jdk/Contents/Home/jre/lib/ext/jaccess.jar:/Library/Java/JavaVirtualMachines/jdk1.8.0_101.jdk/Contents/Home/jre/lib/ext/jfxrt.jar:/Library/Java/JavaVirtualMachines/jdk1.8.0_101.jdk/Contents/Home/jre/lib/ext/localedata.jar:/Library/Java/JavaVirtualMachines/jdk1.8.0_101.jdk/Contents/Home/jre/lib/ext/nashorn.jar:/Library/Java/JavaVirtualMachines/jdk1.8.0_101.jdk/Contents/Home/jre/lib/ext/sunec.jar:/Library/Java/JavaVirtualMachines/jdk1.8.0_101.jdk/Contents/Home/jre/lib/ext/sunjce_provider.jar:/Library/Java/JavaVirtualMachines/jdk1.8.0_101.jdk/Contents/Home/jre/lib/ext/sunpkcs11.jar:/Library/Java/JavaVirtualMachines/jdk1.8.0_101.jdk/Contents/Home/jre/lib/ext/zipfs.jar:/Library/Java/JavaVirtualMachines/jdk1.8.0_101.jdk/Contents/Home/jre/lib/javaws.jar:/Library/Java/JavaVirtualMachines/jdk1.8.0_101.jdk/Contents/Home/jre/lib/jce.jar:/Library/Java/JavaVirtualMachines/jdk1.8.0_101.jdk/Contents/Home/jre/lib/jfr.jar:/Library/Java/JavaVirtualMachines/jdk1.8.0_101.jdk/Contents/Home/jre/lib/jfxswt.jar:/Library/Java/JavaVirtualMachines/jdk1.8.0_101.jdk/Contents/Home/jre/lib/jsse.jar:/Library/Java/JavaVirtualMachines/jdk1.8.0_101.jdk/Contents/Home/jre/lib/management-agent.jar:/Library/Java/JavaVirtualMachines/jdk1.8.0_101.jdk/Contents/Home/jre/lib/plugin.jar:/Library/Java/JavaVirtualMachines/jdk1.8.0_101.jdk/Contents/Home/jre/lib/resources.jar:/Library/Java/JavaVirtualMachines/jdk1.8.0_101.jdk/Contents/Home/jre/lib/rt.jar:/Library/Java/JavaVirtualMachines/jdk1.8.0_101.jdk/Contents/Home/lib/ant-javafx.jar:/Library/Java/JavaVirtualMachines/jdk1.8.0_101.jdk/Contents/Home
Launcher Type: SUN_STANDARD

Environment Variables:
JAVA_HOME=/Library/Java/JavaVirtualMachines/jdk1.8.0_101.jdk/Contents/Home
PATH=/usr/local/bin:/usr/bin:/bin:/usr/sbin:/sbin:/opt/X11/bin:/Library/TeX/texbin
SHELL=/bin/bash
DISPLAY=/private/tmp/com.apple.launchd.66yWy9FaCP/org.macosforge.xquartz:0

Signal Handlers:
SIGSEGV: [libjvm.dylib+0x5af145], sa_mask[0]=11111111011111110111111111111111, sa_flags=SA_ONSTACK|SA_RESTART|SA_SIGINFO
SIGBUS: [libjvm.dylib+0x5af145], sa_mask[0]=11111111011111110111111111111111, sa_flags=SA_RESTART|SA_SIGINFO
SIGFPE: [libjvm.dylib+0x48694c], sa_mask[0]=11111111011111110111111111111111, sa_flags=SA_RESTART|SA_SIGINFO
SIGPIPE: [libjvm.dylib+0x48694c], sa_mask[0]=11111111011111110111111111111111, sa_flags=SA_RESTART|SA_SIGINFO
SIGXFSZ: [libjvm.dylib+0x48694c], sa_mask[0]=11111111011111110111111111111111, sa_flags=SA_RESTART|SA_SIGINFO
SIGILL: [libjvm.dylib+0x48694c], sa_mask[0]=11111111011111110111111111111111, sa_flags=SA_RESTART|SA_SIGINFO
SIGUSR1: SIG_DFL, sa_mask[0]=00000000000000000000000000000000, sa_flags=none
SIGUSR2: [libjvm.dylib+0x48646a], sa_mask[0]=00100000000000000000000000000000, sa_flags=SA_RESTART|SA_SIGINFO
SIGHUP: [libjvm.dylib+0x484a41], sa_mask[0]=11111111011111110111111111111111, sa_flags=SA_RESTART|SA_SIGINFO
SIGINT: [libjvm.dylib+0x484a41], sa_mask[0]=11111111011111110111111111111111, sa_flags=SA_RESTART|SA_SIGINFO
SIGTERM: [libjvm.dylib+0x484a41], sa_mask[0]=11111111011111110111111111111111, sa_flags=SA_RESTART|SA_SIGINFO
SIGQUIT: [libjvm.dylib+0x484a41], sa_mask[0]=11111111011111110111111111111111, sa_flags=SA_RESTART|SA_SIGINFO


---------------  S Y S T E M  ---------------

OS:Bsduname:Darwin 15.6.0 Darwin Kernel Version 15.6.0: Thu Sep  1 15:01:16 PDT 2016; root:xnu-3248.60.11~2/RELEASE_X86_64 x86_64
rlimit: STACK 8192k, CORE 0k, NPROC 709, NOFILE 10240, AS infinity
load average:6.58 5.23 5.23

CPU:total 4 (2 cores per cpu, 2 threads per core) family 6 model 61 stepping 4, cmov, cx8, fxsr, mmx, sse, sse2, sse3, ssse3, sse4.1, sse4.2, popcnt, avx, avx2, aes, clmul, erms, 3dnowpref, lzcnt, ht, tsc, tscinvbit, bmi1, bmi2, adx

Memory: 4k page, physical 16777216k(756476k free)

/proc/meminfo:


vm_info: Java HotSpot(TM) 64-Bit Server VM (25.101-b13) for bsd-amd64 JRE (1.8.0_101-b13), built on Jun 22 2016 02:42:15 by "java_re" with gcc 4.2.1 (Based on Apple Inc. build 5658) (LLVM build 2336.11.00)

time: Thu Mar  2 22:58:24 2017
elapsed time: 10 seconds (0d 0h 0m 10s)

