#
# A fatal error has been detected by the Java Runtime Environment:
#
#  SIGSEGV (0xb) at pc=0x0000000126d1042b, pid=25762, tid=0x0000000000004b03
#
# JRE version: Java(TM) SE Runtime Environment (8.0_101-b13) (build 1.8.0_101-b13)
# Java VM: Java HotSpot(TM) 64-Bit Server VM (25.101-b13 mixed mode bsd-amd64 compressed oops)
# Problematic frame:
# C  [liblwjgl_opengl.dylib+0x1042b]
#
# Failed to write core dump. Core dumps have been disabled. To enable core dumping, try "ulimit -c unlimited" before starting Java again
#
# If you would like to submit a bug report, please visit:
#   http://bugreport.java.com/bugreport/crash.jsp
# The crash happened outside the Java Virtual Machine in native code.
# See problematic frame for where to report the bug.
#

---------------  T H R E A D  ---------------

Current thread (0x00007fc31304c800):  JavaThread "Thread-0" [_thread_in_native, id=19203, stack(0x0000700000fc7000,0x00007000010c7000)]

siginfo: si_signo: 11 (SIGSEGV), si_code: 1 (SEGV_MAPERR), si_addr: 0x00000000000000d8

Registers:
RAX=0x0000000000000000, RBX=0x0000000120caa118, RCX=0x0000000000000001, RDX=0x0000000000008892
RSP=0x00007000010c6740, RBP=0x00007000010c6740, RSI=0x00007000010c67b0, RDI=0x00007fc31304c9f8
R8 =0x00000000000013b3, R9 =0x00007fc313320800, R10=0x0000000107db49a8, R11=0x00000001072e2b5b
R12=0x0000000000000000, R13=0x0000000120caa118, R14=0x00007000010c67c8, R15=0x00007fc31304c800
RIP=0x0000000126d1042b, EFLAGS=0x0000000000010216, ERR=0x0000000000000004
  TRAPNO=0x000000000000000e

Top of Stack: (sp=0x00007000010c6740)
0x00007000010c6740:   00007000010c67a0 0000000107db49d4
0x00007000010c6750:   0000000120baccc4 00007000010c67c8
0x00007000010c6760:   00007000010c6760 0000000000000000
0x00007000010c6770:   00007000010c67c8 0000000120cae520
0x00007000010c6780:   0000000000000000 0000000120caa118
0x00007000010c6790:   0000000000000000 00007000010c67c0
0x00007000010c67a0:   00007000010c6810 0000000107da52bd
0x00007000010c67b0:   000000076b694e58 0000000107dae538
0x00007000010c67c0:   0000000000000001 0000000000008892
0x00007000010c67d0:   00007000010c67d0 0000000120caa1b2
0x00007000010c67e0:   00007000010c6828 0000000120cae520
0x00007000010c67f0:   0000000000000000 0000000120caa1d8
0x00007000010c6800:   00007000010c67c0 00007000010c6820
0x00007000010c6810:   00007000010c6880 0000000107da52bd
0x00007000010c6820:   0000000000000001 0000000000008892
0x00007000010c6830:   0000000000000001 000000076b8dd338
0x00007000010c6840:   00007000010c6830 0000000120d4e60c
0x00007000010c6850:   00007000010c68a8 0000000120d4e820
0x00007000010c6860:   0000000000000000 0000000120d4e658
0x00007000010c6870:   00007000010c6820 00007000010c6898
0x00007000010c6880:   00007000010c68f0 0000000107da52bd
0x00007000010c6890:   000000076b0a1ea0 0000000000000001
0x00007000010c68a0:   000000076bb725b0 000000076b8dd338
0x00007000010c68b0:   00007000010c68b0 0000000120ab8bce
0x00007000010c68c0:   00007000010c6910 0000000120ab8e40
0x00007000010c68d0:   0000000000000000 0000000120ab8c28
0x00007000010c68e0:   00007000010c6898 00007000010c6910
0x00007000010c68f0:   00007000010c6958 0000000107da5302
0x00007000010c6900:   000000076b06d818 000000076b0234e8
0x00007000010c6910:   000000076ae3c3f0 00007000010c6918
0x00007000010c6920:   00000001206e1993 00007000010c6968
0x00007000010c6930:   0000000120768e98 0000000000000000 

Instructions: (pc=0x0000000126d1042b)
0x0000000126d1040b:   48 89 d7 5d ff a0 08 42 00 00 66 66 2e 0f 1f 84
0x0000000126d1041b:   00 00 00 00 00 55 48 89 e5 48 8b 07 48 8b 40 18
0x0000000126d1042b:   48 8b 80 d8 00 00 00 89 d7 89 ce 5d ff e0 0f 1f
0x0000000126d1043b:   80 00 00 00 00 55 48 89 e5 48 8b 07 48 8b 40 18 

Register to memory mapping:

RAX=0x0000000000000000 is an unknown value
RBX={method} {0x0000000120caa118} 'nglBindBuffer' '(II)V' in 'org/lwjgl/opengl/GL15'
RCX=0x0000000000000001 is an unknown value
RDX=0x0000000000008892 is an unknown value
RSP=0x00007000010c6740 is pointing into the stack for thread: 0x00007fc31304c800
RBP=0x00007000010c6740 is pointing into the stack for thread: 0x00007fc31304c800
RSI=0x00007000010c67b0 is pointing into the stack for thread: 0x00007fc31304c800
RDI=0x00007fc31304c9f8 is an unknown value
R8 =0x00000000000013b3 is an unknown value
R9 =0x00007fc313320800 is an unknown value
R10=0x0000000107db49a8 is at code_begin+808 in an Interpreter codelet
method entry point (kind = native)  [0x0000000107db4680, 0x0000000107db4f80]  2304 bytes
R11=0x00000001072e2b5b: throw_unsatisfied_link_error+0 in /Library/Java/JavaVirtualMachines/jdk1.8.0_101.jdk/Contents/Home/jre/lib/server/libjvm.dylib at 0x0000000106e00000
R12=0x0000000000000000 is an unknown value
R13={method} {0x0000000120caa118} 'nglBindBuffer' '(II)V' in 'org/lwjgl/opengl/GL15'
R14=0x00007000010c67c8 is pointing into the stack for thread: 0x00007fc31304c800
R15=0x00007fc31304c800 is a thread


Stack: [0x0000700000fc7000,0x00007000010c7000],  sp=0x00007000010c6740,  free space=1021k
Native frames: (J=compiled Java code, j=interpreted, Vv=VM code, C=native code)
C  [liblwjgl_opengl.dylib+0x1042b]
j  org.lwjgl.opengl.GL15.nglBindBuffer(II)V+0
j  org.lwjgl.opengl.GL15.glBindBuffer(II)V+2
j  renderer.Loader.updateVBO([FI)V+20
j  utils.Console.run()V+94
j  java.lang.Thread.run()V+11
v  ~StubRoutines::call_stub
V  [libjvm.dylib+0x2ecf06]
V  [libjvm.dylib+0x2ed694]
V  [libjvm.dylib+0x2ed840]
V  [libjvm.dylib+0x348029]
V  [libjvm.dylib+0x5695ab]
V  [libjvm.dylib+0x56ac98]
V  [libjvm.dylib+0x48933a]
C  [libsystem_pthread.dylib+0x399d]  _pthread_body+0x83
C  [libsystem_pthread.dylib+0x391a]  _pthread_body+0x0
C  [libsystem_pthread.dylib+0x1351]  thread_start+0xd
C  0x0000000000000000

Java frames: (J=compiled Java code, j=interpreted, Vv=VM code)
j  org.lwjgl.opengl.GL15.nglBindBuffer(II)V+0
j  org.lwjgl.opengl.GL15.glBindBuffer(II)V+2
j  renderer.Loader.updateVBO([FI)V+20
j  utils.Console.run()V+94
j  java.lang.Thread.run()V+11
v  ~StubRoutines::call_stub

---------------  P R O C E S S  ---------------

Java Threads: ( => current thread )
=>0x00007fc31304c800 JavaThread "Thread-0" [_thread_in_native, id=19203, stack(0x0000700000fc7000,0x00007000010c7000)]
  0x00007fc3128a4800 JavaThread "Monitor Ctrl-Break" daemon [_thread_in_native, id=18691, stack(0x0000700000ec4000,0x0000700000fc4000)]
  0x00007fc31203c800 JavaThread "Service Thread" daemon [_thread_blocked, id=17667, stack(0x0000700000cbe000,0x0000700000dbe000)]
  0x00007fc313031000 JavaThread "C1 CompilerThread2" daemon [_thread_blocked, id=17155, stack(0x0000700000bbb000,0x0000700000cbb000)]
  0x00007fc313030000 JavaThread "C2 CompilerThread1" daemon [_thread_blocked, id=16643, stack(0x0000700000ab8000,0x0000700000bb8000)]
  0x00007fc312054800 JavaThread "C2 CompilerThread0" daemon [_thread_in_native, id=16131, stack(0x00007000009b5000,0x0000700000ab5000)]
  0x00007fc312038800 JavaThread "Signal Dispatcher" daemon [_thread_blocked, id=13323, stack(0x00007000008b2000,0x00007000009b2000)]
  0x00007fc313819800 JavaThread "Finalizer" daemon [_thread_blocked, id=12291, stack(0x000070000072c000,0x000070000082c000)]
  0x00007fc313817000 JavaThread "Reference Handler" daemon [_thread_blocked, id=11779, stack(0x0000700000629000,0x0000700000729000)]
  0x00007fc313807800 JavaThread "main" [_thread_in_native, id=2571, stack(0x00007fff59157000,0x00007fff59957000)]

Other Threads:
  0x00007fc312004000 VMThread [stack: 0x0000700000526000,0x0000700000626000] [id=11267]
  0x00007fc31200d000 WatcherThread [stack: 0x0000700000dc1000,0x0000700000ec1000] [id=18179]

VM state:not at safepoint (normal execution)

VM Mutex/Monitor currently owned by a thread: None

Heap:
 PSYoungGen      total 76288K, used 18392K [0x000000076ab00000, 0x0000000770000000, 0x00000007c0000000)
  eden space 65536K, 28% used [0x000000076ab00000,0x000000076bcf60b0,0x000000076eb00000)
  from space 10752K, 0% used [0x000000076f580000,0x000000076f580000,0x0000000770000000)
  to   space 10752K, 0% used [0x000000076eb00000,0x000000076eb00000,0x000000076f580000)
 ParOldGen       total 175104K, used 0K [0x00000006c0000000, 0x00000006cab00000, 0x000000076ab00000)
  object space 175104K, 0% used [0x00000006c0000000,0x00000006c0000000,0x00000006cab00000)
 Metaspace       used 8852K, capacity 8999K, committed 9088K, reserved 1056768K
  class space    used 778K, capacity 841K, committed 896K, reserved 1048576K

Card table byte_map: [0x000000011715d000,0x000000011795e000] byte_map_base: 0x0000000113b5d000

Marking Bits: (ParMarkBitMap*) 0x00000001076edd20
 Begin Bits: [0x0000000117eb4000, 0x000000011beb4000)
 End Bits:   [0x000000011beb4000, 0x000000011feb4000)

Polling page: 0x000000010656d000

CodeCache: size=245760Kb used=2812Kb max_used=2823Kb free=242947Kb
 bounds [0x0000000107d9d000, 0x000000010806d000, 0x0000000116d9d000]
 total_blobs=1474 nmethods=679 adapters=709
 compilation: enabled

Compilation events (10 events):
Event: 4.990 Thread 0x00007fc312054800 nmethod 674 0x000000010805c5d0 code [0x000000010805c700, 0x000000010805c758]
Event: 4.990 Thread 0x00007fc313030000 nmethod 675 0x0000000108059790 code [0x00000001080598c0, 0x0000000108059918]
Event: 4.994 Thread 0x00007fc313031000  676 %     3       generation.TerrainGenerator::falseAlgorithm @ 132 (269 bytes)
Event: 4.996 Thread 0x00007fc313031000 nmethod 676% 0x0000000108059ad0 code [0x0000000108059de0, 0x000000010805b568]
Event: 4.996 Thread 0x00007fc313031000  677       3       generation.TerrainGenerator::falseAlgorithm (269 bytes)
Event: 4.998 Thread 0x00007fc313031000 nmethod 677 0x0000000108056f90 code [0x00000001080572a0, 0x0000000108058848]
Event: 4.998 Thread 0x00007fc312054800  678 %     4       generation.TerrainGenerator::falseAlgorithm @ 132 (269 bytes)
Event: 5.001 Thread 0x00007fc313031000  679       3       utils.Maths::lerp (23 bytes)
Event: 5.001 Thread 0x00007fc313031000 nmethod 679 0x000000010805c7d0 code [0x000000010805c920, 0x000000010805ca70]
Event: 5.001 Thread 0x00007fc313030000  680       4       utils.Maths::lerp (23 bytes)

GC Heap History (0 events):
No events

Deoptimization events (2 events):
Event: 0.359 Thread 0x00007fc313807800 Uncommon trap: reason=unstable_if action=reinterpret pc=0x0000000107ebc580 method=java.lang.String.indexOf(II)I @ 49
Event: 0.363 Thread 0x00007fc313807800 Uncommon trap: reason=unstable_if action=reinterpret pc=0x0000000107ea86e8 method=java.lang.String.hashCode()I @ 14

Internal exceptions (10 events):
Event: 0.386 Thread 0x00007fc31304c800 Exception <a 'java/security/PrivilegedActionException'> (0x000000076b045f30) thrown at [/HUDSON3/workspace/8-2-build-macosx-x86_64/jdk8u101/7261/hotspot/src/share/vm/prims/jvm.cpp, line 1386]
Event: 0.494 Thread 0x00007fc313807800 Exception <a 'java/lang/NoSuchFieldError': method resolution failed> (0x000000076b278990) thrown at [/HUDSON3/workspace/8-2-build-macosx-x86_64/jdk8u101/7261/hotspot/src/share/vm/prims/methodHandles.cpp, line 1146]
Event: 0.497 Thread 0x00007fc313807800 Exception <a 'java/lang/NoSuchFieldError': method resolution failed> (0x000000076b2860e0) thrown at [/HUDSON3/workspace/8-2-build-macosx-x86_64/jdk8u101/7261/hotspot/src/share/vm/prims/methodHandles.cpp, line 1146]
Event: 0.654 Thread 0x00007fc313807800 Exception <a 'sun/nio/fs/UnixException'> (0x000000076b419be0) thrown at [/HUDSON3/workspace/8-2-build-macosx-x86_64/jdk8u101/7261/hotspot/src/share/vm/prims/jni.cpp, line 709]
Event: 0.655 Thread 0x00007fc313807800 Exception <a 'sun/nio/fs/UnixException'> (0x000000076b41b380) thrown at [/HUDSON3/workspace/8-2-build-macosx-x86_64/jdk8u101/7261/hotspot/src/share/vm/prims/jni.cpp, line 709]
Event: 0.655 Thread 0x00007fc313807800 Exception <a 'sun/nio/fs/UnixException'> (0x000000076b41bbe0) thrown at [/HUDSON3/workspace/8-2-build-macosx-x86_64/jdk8u101/7261/hotspot/src/share/vm/prims/jni.cpp, line 709]
Event: 0.655 Thread 0x00007fc313807800 Exception <a 'sun/nio/fs/UnixException'> (0x000000076b41c468) thrown at [/HUDSON3/workspace/8-2-build-macosx-x86_64/jdk8u101/7261/hotspot/src/share/vm/prims/jni.cpp, line 709]
Event: 0.655 Thread 0x00007fc313807800 Exception <a 'sun/nio/fs/UnixException'> (0x000000076b41ccf8) thrown at [/HUDSON3/workspace/8-2-build-macosx-x86_64/jdk8u101/7261/hotspot/src/share/vm/prims/jni.cpp, line 709]
Event: 0.656 Thread 0x00007fc313807800 Exception <a 'sun/nio/fs/UnixException'> (0x000000076b41d458) thrown at [/HUDSON3/workspace/8-2-build-macosx-x86_64/jdk8u101/7261/hotspot/src/share/vm/prims/jni.cpp, line 709]
Event: 0.656 Thread 0x00007fc313807800 Exception <a 'sun/nio/fs/UnixException'> (0x000000076b41dad0) thrown at [/HUDSON3/workspace/8-2-build-macosx-x86_64/jdk8u101/7261/hotspot/src/share/vm/prims/jni.cpp, line 709]

Events (10 events):
Event: 1.437 loading class utils/Maths
Event: 1.437 loading class utils/Maths done
Event: 1.561 loading class utils/Input
Event: 1.561 loading class utils/Input done
Event: 1.577 loading class utils/RayCasting
Event: 1.577 loading class utils/RayCasting done
Event: 4.345 Executing VM operation: EnableBiasedLocking
Event: 4.345 Executing VM operation: EnableBiasedLocking done
Event: 4.982 loading class java/util/Random
Event: 4.982 loading class java/util/Random done


Dynamic libraries:
0x00000000007eb000 	/System/Library/Frameworks/Cocoa.framework/Versions/A/Cocoa
0x00000000007eb000 	/System/Library/Frameworks/Security.framework/Versions/A/Security
0x00000000007eb000 	/System/Library/Frameworks/ApplicationServices.framework/Versions/A/ApplicationServices
0x00000000007eb000 	/usr/lib/libz.1.dylib
0x00000000007eb000 	/usr/lib/libSystem.B.dylib
0x00000000007eb000 	/usr/lib/libobjc.A.dylib
0x00000000007eb000 	/System/Library/Frameworks/CoreFoundation.framework/Versions/A/CoreFoundation
0x00000000007eb000 	/System/Library/Frameworks/Foundation.framework/Versions/C/Foundation
0x00000000007eb000 	/System/Library/Frameworks/AppKit.framework/Versions/C/AppKit
0x00000000007eb000 	/System/Library/Frameworks/CoreData.framework/Versions/A/CoreData
0x00000000007eb000 	/System/Library/PrivateFrameworks/RemoteViewServices.framework/Versions/A/RemoteViewServices
0x00000000007eb000 	/System/Library/PrivateFrameworks/UIFoundation.framework/Versions/A/UIFoundation
0x00000000007eb000 	/usr/lib/libScreenReader.dylib
0x00000000007eb000 	/System/Library/Frameworks/Accelerate.framework/Versions/A/Accelerate
0x00000000007eb000 	/System/Library/Frameworks/IOSurface.framework/Versions/A/IOSurface
0x00000000007eb000 	/System/Library/Frameworks/AudioToolbox.framework/Versions/A/AudioToolbox
0x00000000007eb000 	/System/Library/Frameworks/AudioUnit.framework/Versions/A/AudioUnit
0x00000000007eb000 	/System/Library/PrivateFrameworks/DataDetectorsCore.framework/Versions/A/DataDetectorsCore
0x00000000007eb000 	/System/Library/PrivateFrameworks/DesktopServicesPriv.framework/Versions/A/DesktopServicesPriv
0x00000000007eb000 	/System/Library/Frameworks/Carbon.framework/Versions/A/Frameworks/HIToolbox.framework/Versions/A/HIToolbox
0x00000000007eb000 	/System/Library/Frameworks/QuartzCore.framework/Versions/A/QuartzCore
0x00000000007eb000 	/System/Library/Frameworks/Carbon.framework/Versions/A/Frameworks/SpeechRecognition.framework/Versions/A/SpeechRecognition
0x00000000007eb000 	/usr/lib/libauto.dylib
0x00000000007eb000 	/usr/lib/libicucore.A.dylib
0x00000000007eb000 	/usr/lib/libxml2.2.dylib
0x00000000007eb000 	/System/Library/PrivateFrameworks/CoreUI.framework/Versions/A/CoreUI
0x00000000007eb000 	/System/Library/Frameworks/CoreAudio.framework/Versions/A/CoreAudio
0x00000000007eb000 	/System/Library/Frameworks/DiskArbitration.framework/Versions/A/DiskArbitration
0x00000000007eb000 	/usr/lib/liblangid.dylib
0x00000000007eb000 	/System/Library/PrivateFrameworks/MultitouchSupport.framework/Versions/A/MultitouchSupport
0x00000000007eb000 	/System/Library/Frameworks/IOKit.framework/Versions/A/IOKit
0x00000000007eb000 	/usr/lib/libDiagnosticMessagesClient.dylib
0x00000000007eb000 	/System/Library/Frameworks/CoreServices.framework/Versions/A/CoreServices
0x00000000007eb000 	/System/Library/PrivateFrameworks/PerformanceAnalysis.framework/Versions/A/PerformanceAnalysis
0x00000000007eb000 	/System/Library/PrivateFrameworks/GenerationalStorage.framework/Versions/A/GenerationalStorage
0x00000000007eb000 	/System/Library/Frameworks/OpenGL.framework/Versions/A/OpenGL
0x00000000007eb000 	/System/Library/PrivateFrameworks/Sharing.framework/Versions/A/Sharing
0x00000000007eb000 	/System/Library/Frameworks/CoreGraphics.framework/Versions/A/CoreGraphics
0x00000000007eb000 	/System/Library/Frameworks/CoreImage.framework/Versions/A/CoreImage
0x00000000007eb000 	/System/Library/Frameworks/CoreText.framework/Versions/A/CoreText
0x00000000007eb000 	/System/Library/Frameworks/ImageIO.framework/Versions/A/ImageIO
0x00000000007eb000 	/System/Library/PrivateFrameworks/Backup.framework/Versions/A/Backup
0x00000000007eb000 	/usr/lib/libextension.dylib
0x00000000007eb000 	/usr/lib/libarchive.2.dylib
0x00000000007eb000 	/System/Library/Frameworks/CFNetwork.framework/Versions/A/CFNetwork
0x00000000007eb000 	/System/Library/Frameworks/SystemConfiguration.framework/Versions/A/SystemConfiguration
0x00000000007eb000 	/usr/lib/libCRFSuite.dylib
0x00000000007eb000 	/usr/lib/libc++.1.dylib
0x00000000007eb000 	/usr/lib/libc++abi.dylib
0x00000000007eb000 	/usr/lib/system/libcache.dylib
0x00000000007eb000 	/usr/lib/system/libcommonCrypto.dylib
0x00000000007eb000 	/usr/lib/system/libcompiler_rt.dylib
0x00000000007eb000 	/usr/lib/system/libcopyfile.dylib
0x00000000007eb000 	/usr/lib/system/libcorecrypto.dylib
0x00000000007eb000 	/usr/lib/system/libdispatch.dylib
0x00000000007eb000 	/usr/lib/system/libdyld.dylib
0x00000000007eb000 	/usr/lib/system/libkeymgr.dylib
0x00000000007eb000 	/usr/lib/system/liblaunch.dylib
0x00000000007eb000 	/usr/lib/system/libmacho.dylib
0x00000000007eb000 	/usr/lib/system/libquarantine.dylib
0x00000000007eb000 	/usr/lib/system/libremovefile.dylib
0x00000000007eb000 	/usr/lib/system/libsystem_asl.dylib
0x00000000007eb000 	/usr/lib/system/libsystem_blocks.dylib
0x00000000007eb000 	/usr/lib/system/libsystem_c.dylib
0x00000000007eb000 	/usr/lib/system/libsystem_configuration.dylib
0x00000000007eb000 	/usr/lib/system/libsystem_coreservices.dylib
0x00000000007eb000 	/usr/lib/system/libsystem_coretls.dylib
0x00000000007eb000 	/usr/lib/system/libsystem_dnssd.dylib
0x00000000007eb000 	/usr/lib/system/libsystem_info.dylib
0x00000000007eb000 	/usr/lib/system/libsystem_kernel.dylib
0x00000000007eb000 	/usr/lib/system/libsystem_m.dylib
0x00000000007eb000 	/usr/lib/system/libsystem_malloc.dylib
0x00000000007eb000 	/usr/lib/system/libsystem_network.dylib
0x00000000007eb000 	/usr/lib/system/libsystem_networkextension.dylib
0x00000000007eb000 	/usr/lib/system/libsystem_notify.dylib
0x00000000007eb000 	/usr/lib/system/libsystem_platform.dylib
0x00000000007eb000 	/usr/lib/system/libsystem_pthread.dylib
0x00000000007eb000 	/usr/lib/system/libsystem_sandbox.dylib
0x00000000007eb000 	/usr/lib/system/libsystem_secinit.dylib
0x00000000007eb000 	/usr/lib/system/libsystem_trace.dylib
0x00000000007eb000 	/usr/lib/system/libunc.dylib
0x00000000007eb000 	/usr/lib/system/libunwind.dylib
0x00000000007eb000 	/usr/lib/system/libxpc.dylib
0x00000000007eb000 	/usr/lib/libenergytrace.dylib
0x00000000007eb000 	/usr/lib/libbsm.0.dylib
0x00000000007eb000 	/usr/lib/system/libkxld.dylib
0x00000000007eb000 	/usr/lib/libxar.1.dylib
0x00000000007eb000 	/usr/lib/libsqlite3.dylib
0x00000000007eb000 	/usr/lib/libpam.2.dylib
0x00000000007eb000 	/usr/lib/libOpenScriptingUtil.dylib
0x00000000007eb000 	/usr/lib/libbz2.1.0.dylib
0x00000000007eb000 	/usr/lib/liblzma.5.dylib
0x00000000007eb000 	/System/Library/Frameworks/CoreServices.framework/Versions/A/Frameworks/FSEvents.framework/Versions/A/FSEvents
0x00000000007eb000 	/System/Library/Frameworks/CoreServices.framework/Versions/A/Frameworks/CarbonCore.framework/Versions/A/CarbonCore
0x00000000007eb000 	/System/Library/Frameworks/CoreServices.framework/Versions/A/Frameworks/Metadata.framework/Versions/A/Metadata
0x00000000007eb000 	/System/Library/Frameworks/CoreServices.framework/Versions/A/Frameworks/OSServices.framework/Versions/A/OSServices
0x00000000007eb000 	/System/Library/Frameworks/CoreServices.framework/Versions/A/Frameworks/SearchKit.framework/Versions/A/SearchKit
0x00000000007eb000 	/System/Library/Frameworks/CoreServices.framework/Versions/A/Frameworks/AE.framework/Versions/A/AE
0x00000000007eb000 	/System/Library/Frameworks/CoreServices.framework/Versions/A/Frameworks/LaunchServices.framework/Versions/A/LaunchServices
0x00000000007eb000 	/System/Library/Frameworks/CoreServices.framework/Versions/A/Frameworks/DictionaryServices.framework/Versions/A/DictionaryServices
0x00000000007eb000 	/System/Library/Frameworks/CoreServices.framework/Versions/A/Frameworks/SharedFileList.framework/Versions/A/SharedFileList
0x00000000007eb000 	/System/Library/Frameworks/NetFS.framework/Versions/A/NetFS
0x00000000007eb000 	/System/Library/PrivateFrameworks/NetAuth.framework/Versions/A/NetAuth
0x00000000007eb000 	/System/Library/PrivateFrameworks/login.framework/Versions/A/Frameworks/loginsupport.framework/Versions/A/loginsupport
0x00000000007eb000 	/System/Library/PrivateFrameworks/TCC.framework/Versions/A/TCC
0x00000000007eb000 	/usr/lib/libmecabra.dylib
0x00000000007eb000 	/System/Library/Frameworks/ApplicationServices.framework/Versions/A/Frameworks/ATS.framework/Versions/A/ATS
0x00000000007eb000 	/System/Library/Frameworks/ApplicationServices.framework/Versions/A/Frameworks/ColorSync.framework/Versions/A/ColorSync
0x00000000007eb000 	/System/Library/Frameworks/ApplicationServices.framework/Versions/A/Frameworks/HIServices.framework/Versions/A/HIServices
0x00000000007eb000 	/System/Library/Frameworks/ApplicationServices.framework/Versions/A/Frameworks/LangAnalysis.framework/Versions/A/LangAnalysis
0x00000000007eb000 	/System/Library/Frameworks/ApplicationServices.framework/Versions/A/Frameworks/PrintCore.framework/Versions/A/PrintCore
0x00000000007eb000 	/System/Library/Frameworks/ApplicationServices.framework/Versions/A/Frameworks/QD.framework/Versions/A/QD
0x00000000007eb000 	/System/Library/Frameworks/ApplicationServices.framework/Versions/A/Frameworks/SpeechSynthesis.framework/Versions/A/SpeechSynthesis
0x00000000007eb000 	/System/Library/Frameworks/Metal.framework/Versions/A/Metal
0x00000000007eb000 	/System/Library/Frameworks/Accelerate.framework/Versions/A/Frameworks/vImage.framework/Versions/A/vImage
0x00000000007eb000 	/System/Library/Frameworks/Accelerate.framework/Versions/A/Frameworks/vecLib.framework/Versions/A/vecLib
0x00000000007eb000 	/System/Library/Frameworks/Accelerate.framework/Versions/A/Frameworks/vecLib.framework/Versions/A/libvDSP.dylib
0x00000000007eb000 	/System/Library/Frameworks/Accelerate.framework/Versions/A/Frameworks/vecLib.framework/Versions/A/libvMisc.dylib
0x00000000007eb000 	/System/Library/Frameworks/Accelerate.framework/Versions/A/Frameworks/vecLib.framework/Versions/A/libLAPACK.dylib
0x00000000007eb000 	/System/Library/Frameworks/Accelerate.framework/Versions/A/Frameworks/vecLib.framework/Versions/A/libBLAS.dylib
0x00000000007eb000 	/System/Library/Frameworks/Accelerate.framework/Versions/A/Frameworks/vecLib.framework/Versions/A/libLinearAlgebra.dylib
0x00000000007eb000 	/System/Library/Frameworks/Accelerate.framework/Versions/A/Frameworks/vecLib.framework/Versions/A/libSparseBLAS.dylib
0x00000000007eb000 	/System/Library/PrivateFrameworks/GPUCompiler.framework/libmetal_timestamp.dylib
0x00000000007eb000 	/System/Library/Frameworks/OpenGL.framework/Versions/A/Libraries/libCoreFSCache.dylib
0x00000000007eb000 	/System/Library/PrivateFrameworks/IOAccelerator.framework/Versions/A/IOAccelerator
0x00000000007eb000 	/System/Library/Frameworks/ApplicationServices.framework/Versions/A/Frameworks/ATS.framework/Versions/A/Resources/libFontParser.dylib
0x00000000007eb000 	/System/Library/Frameworks/ApplicationServices.framework/Versions/A/Frameworks/ATS.framework/Versions/A/Resources/libFontRegistry.dylib
0x00000000007eb000 	/System/Library/PrivateFrameworks/AppleVPA.framework/Versions/A/AppleVPA
0x00000000007eb000 	/System/Library/PrivateFrameworks/AppleJPEG.framework/Versions/A/AppleJPEG
0x00000000007eb000 	/System/Library/Frameworks/ImageIO.framework/Versions/A/Resources/libJPEG.dylib
0x00000000007eb000 	/System/Library/Frameworks/ImageIO.framework/Versions/A/Resources/libTIFF.dylib
0x00000000007eb000 	/System/Library/Frameworks/ImageIO.framework/Versions/A/Resources/libPng.dylib
0x00000000007eb000 	/System/Library/Frameworks/ImageIO.framework/Versions/A/Resources/libGIF.dylib
0x00000000007eb000 	/System/Library/Frameworks/ImageIO.framework/Versions/A/Resources/libJP2.dylib
0x00000000007eb000 	/System/Library/Frameworks/ImageIO.framework/Versions/A/Resources/libRadiance.dylib
0x00000000007eb000 	/System/Library/Frameworks/CoreVideo.framework/Versions/A/CoreVideo
0x00000000007eb000 	/System/Library/Frameworks/OpenGL.framework/Versions/A/Libraries/libGLU.dylib
0x00000000007eb000 	/System/Library/Frameworks/OpenGL.framework/Versions/A/Libraries/libGFXShared.dylib
0x00000000007eb000 	/System/Library/Frameworks/OpenGL.framework/Versions/A/Libraries/libGL.dylib
0x00000000007eb000 	/System/Library/Frameworks/OpenGL.framework/Versions/A/Libraries/libGLImage.dylib
0x00000000007eb000 	/System/Library/Frameworks/OpenGL.framework/Versions/A/Libraries/libCVMSPluginSupport.dylib
0x00000000007eb000 	/System/Library/Frameworks/OpenGL.framework/Versions/A/Libraries/libCoreVMClient.dylib
0x00000000007eb000 	/usr/lib/libcompression.dylib
0x00000000007eb000 	/usr/lib/libcups.2.dylib
0x00000000007eb000 	/System/Library/Frameworks/Kerberos.framework/Versions/A/Kerberos
0x00000000007eb000 	/System/Library/Frameworks/GSS.framework/Versions/A/GSS
0x00000000007eb000 	/usr/lib/libresolv.9.dylib
0x00000000007eb000 	/usr/lib/libiconv.2.dylib
0x00000000007eb000 	/System/Library/PrivateFrameworks/Heimdal.framework/Versions/A/Heimdal
0x00000000007eb000 	/usr/lib/libheimdal-asn1.dylib
0x00000000007eb000 	/System/Library/Frameworks/OpenDirectory.framework/Versions/A/OpenDirectory
0x00000000007eb000 	/System/Library/PrivateFrameworks/CommonAuth.framework/Versions/A/CommonAuth
0x00000000007eb000 	/System/Library/Frameworks/OpenDirectory.framework/Versions/A/Frameworks/CFOpenDirectory.framework/Versions/A/CFOpenDirectory
0x00000000007eb000 	/System/Library/Frameworks/SecurityFoundation.framework/Versions/A/SecurityFoundation
0x00000000007eb000 	/System/Library/PrivateFrameworks/LanguageModeling.framework/Versions/A/LanguageModeling
0x00000000007eb000 	/usr/lib/libmarisa.dylib
0x00000000007eb000 	/usr/lib/libChineseTokenizer.dylib
0x00000000007eb000 	/usr/lib/libcmph.dylib
0x00000000007eb000 	/System/Library/Frameworks/ServiceManagement.framework/Versions/A/ServiceManagement
0x00000000007eb000 	/usr/lib/libxslt.1.dylib
0x00000000007eb000 	/System/Library/Frameworks/Carbon.framework/Versions/A/Frameworks/Ink.framework/Versions/A/Ink
0x00000000007eb000 	/usr/lib/libFosl_dynamic.dylib
0x00000000007eb000 	/System/Library/PrivateFrameworks/FaceCore.framework/Versions/A/FaceCore
0x00000000007eb000 	/System/Library/Frameworks/OpenCL.framework/Versions/A/OpenCL
0x00000000007eb000 	/System/Library/PrivateFrameworks/CrashReporterSupport.framework/Versions/A/CrashReporterSupport
0x00000000007eb000 	/System/Library/PrivateFrameworks/IconServices.framework/Versions/A/IconServices
0x00000000007eb000 	/System/Library/PrivateFrameworks/Apple80211.framework/Versions/A/Apple80211
0x00000000007eb000 	/System/Library/Frameworks/CoreWLAN.framework/Versions/A/CoreWLAN
0x00000000007eb000 	/System/Library/Frameworks/IOBluetooth.framework/Versions/A/IOBluetooth
0x00000000007eb000 	/System/Library/PrivateFrameworks/CoreWiFi.framework/Versions/A/CoreWiFi
0x00000000007eb000 	/System/Library/Frameworks/CoreBluetooth.framework/Versions/A/CoreBluetooth
0x00000000007eb000 	/System/Library/PrivateFrameworks/ChunkingLibrary.framework/Versions/A/ChunkingLibrary
0x00000000007eb000 	/System/Library/PrivateFrameworks/DebugSymbols.framework/Versions/A/DebugSymbols
0x00000000007eb000 	/System/Library/PrivateFrameworks/CoreSymbolication.framework/Versions/A/CoreSymbolication
0x00000000007eb000 	/System/Library/PrivateFrameworks/Symbolication.framework/Versions/A/Symbolication
0x00000000007eb000 	/System/Library/PrivateFrameworks/SpeechRecognitionCore.framework/Versions/A/SpeechRecognitionCore
0x0000000106e00000 	/Library/Java/JavaVirtualMachines/jdk1.8.0_101.jdk/Contents/Home/jre/lib/server/libjvm.dylib
0x00000000007eb000 	/usr/lib/libstdc++.6.dylib
0x000000010652a000 	/Library/Java/JavaVirtualMachines/jdk1.8.0_101.jdk/Contents/Home/jre/lib/libverify.dylib
0x0000000106538000 	/Library/Java/JavaVirtualMachines/jdk1.8.0_101.jdk/Contents/Home/jre/lib/libjava.dylib
0x0000000106576000 	/Library/Java/JavaVirtualMachines/jdk1.8.0_101.jdk/Contents/Home/jre/lib/libzip.dylib
0x000000012215b000 	/System/Library/Frameworks/JavaVM.framework/Frameworks/JavaRuntimeSupport.framework/JavaRuntimeSupport
0x0000000122176000 	/System/Library/Frameworks/JavaVM.framework/Versions/A/Frameworks/JavaNativeFoundation.framework/Versions/A/JavaNativeFoundation
0x000000012218b000 	/System/Library/Frameworks/JavaVM.framework/Versions/A/JavaVM
0x00000000007eb000 	/System/Library/Frameworks/Carbon.framework/Versions/A/Carbon
0x0000000122198000 	/System/Library/PrivateFrameworks/JavaLaunching.framework/Versions/A/JavaLaunching
0x00000000007eb000 	/System/Library/Frameworks/Carbon.framework/Versions/A/Frameworks/CommonPanels.framework/Versions/A/CommonPanels
0x00000000007eb000 	/System/Library/Frameworks/Carbon.framework/Versions/A/Frameworks/Help.framework/Versions/A/Help
0x00000000007eb000 	/System/Library/Frameworks/Carbon.framework/Versions/A/Frameworks/ImageCapture.framework/Versions/A/ImageCapture
0x00000000007eb000 	/System/Library/Frameworks/Carbon.framework/Versions/A/Frameworks/OpenScripting.framework/Versions/A/OpenScripting
0x00000000007eb000 	/System/Library/Frameworks/Carbon.framework/Versions/A/Frameworks/Print.framework/Versions/A/Print
0x00000000007eb000 	/System/Library/Frameworks/Carbon.framework/Versions/A/Frameworks/SecurityHI.framework/Versions/A/SecurityHI
0x0000000123cc6000 	/Applications/IntelliJ IDEA.app/Contents/bin/libbreakgen64.jnilib
0x0000000123cc9000 	/Library/Java/JavaVirtualMachines/jdk1.8.0_101.jdk/Contents/Home/jre/lib/libnet.dylib
0x0000000123d28000 	/Library/Java/JavaVirtualMachines/jdk1.8.0_101.jdk/Contents/Home/jre/lib/libnio.dylib
0x0000000123d38000 	/private/var/folders/2c/vxy_2s3s5gjfvrp51gknkty80000gn/T/lwjglbackes/3.1.1-build-16/liblwjgl.dylib
0x0000000123d5c000 	/var/folders/2c/vxy_2s3s5gjfvrp51gknkty80000gn/T/lwjglbackes/3.1.1-build-16/libglfw.dylib
0x00000000007eb000 	/System/Library/PrivateFrameworks/CoreServicesInternal.framework/Versions/A/CoreServicesInternal
0x00000000007eb000 	/System/Library/PrivateFrameworks/FamilyControls.framework/Versions/A/FamilyControls
0x00000000007eb000 	/System/Library/PrivateFrameworks/CommerceKit.framework/Versions/A/Frameworks/CommerceCore.framework/Versions/A/CommerceCore
0x00000000007eb000 	/System/Library/PrivateFrameworks/SystemAdministration.framework/Versions/A/SystemAdministration
0x00000000007eb000 	/System/Library/PrivateFrameworks/AppContainer.framework/Versions/A/AppContainer
0x00000000007eb000 	/System/Library/PrivateFrameworks/SecCodeWrapper.framework/Versions/A/SecCodeWrapper
0x00000000007eb000 	/System/Library/Frameworks/DirectoryService.framework/Versions/A/DirectoryService
0x00000000007eb000 	/System/Library/PrivateFrameworks/DiskImages.framework/Versions/A/DiskImages
0x00000000007eb000 	/System/Library/PrivateFrameworks/LoginUIKit.framework/Versions/A/Frameworks/LoginUICore.framework/Versions/A/LoginUICore
0x00000000007eb000 	/usr/lib/libCoreStorage.dylib
0x00000000007eb000 	/usr/lib/libcsfde.dylib
0x00000000007eb000 	/usr/lib/libodfde.dylib
0x00000000007eb000 	/System/Library/Frameworks/DiscRecording.framework/Versions/A/DiscRecording
0x00000000007eb000 	/usr/lib/libcurl.4.dylib
0x00000000007eb000 	/System/Library/PrivateFrameworks/MediaKit.framework/Versions/A/MediaKit
0x00000000007eb000 	/System/Library/PrivateFrameworks/ProtectedCloudStorage.framework/Versions/A/ProtectedCloudStorage
0x00000000007eb000 	/System/Library/PrivateFrameworks/EFILogin.framework/Versions/A/EFILogin
0x00000000007eb000 	/usr/lib/libutil.dylib
0x00000000007eb000 	/System/Library/PrivateFrameworks/FindMyDevice.framework/Versions/A/FindMyDevice
0x00000000007eb000 	/System/Library/Frameworks/LDAP.framework/Versions/A/LDAP
0x00000000007eb000 	/usr/lib/libsasl2.2.dylib
0x00000000007eb000 	/System/Library/PrivateFrameworks/CoreDaemon.framework/Versions/B/CoreDaemon
0x00000000007eb000 	/usr/lib/libcrypto.0.9.8.dylib
0x00000000007eb000 	/System/Library/PrivateFrameworks/AppleSRP.framework/Versions/A/AppleSRP
0x00000000007eb000 	/System/Library/PrivateFrameworks/TrustEvaluationAgent.framework/Versions/A/TrustEvaluationAgent
0x00000000007eb000 	/System/Library/Frameworks/CoreGraphics.framework/Versions/A/Resources/libCGXType.A.dylib
0x00000000007eb000 	/System/Library/Frameworks/OpenGL.framework/Versions/A/Resources/GLEngine.bundle/GLEngine
0x00000000007eb000 	/System/Library/Frameworks/OpenGL.framework/Versions/A/Libraries/libGLProgrammability.dylib
0x0000000125a04000 	/System/Library/Extensions/AppleIntelBDWGraphicsGLDriver.bundle/Contents/MacOS/AppleIntelBDWGraphicsGLDriver
0x00000000007eb000 	/System/Library/PrivateFrameworks/GPUSupport.framework/Versions/A/Libraries/libGPUSupportMercury.dylib
0x00000000007eb000 	/System/Library/Frameworks/OpenGL.framework/Versions/A/Resources/GLRendererFloat.bundle/GLRendererFloat
0x00000000007eb000 	/System/Library/Frameworks/OpenCL.framework/Versions/A/Libraries/libcldcpuengine.dylib
0x0000000126cd3000 	/var/folders/2c/vxy_2s3s5gjfvrp51gknkty80000gn/T/lwjglbackes/3.1.1-build-16/libjemalloc.dylib
0x0000000126d00000 	/private/var/folders/2c/vxy_2s3s5gjfvrp51gknkty80000gn/T/lwjglbackes/3.1.1-build-16/liblwjgl_opengl.dylib
0x00000000007eb000 	/System/Library/Frameworks/CoreGraphics.framework/Versions/A/Resources/libRIP.A.dylib
0x00000000007eb000 	/System/Library/Frameworks/Accelerate.framework/Versions/A/Frameworks/vImage.framework/Versions/A/Libraries/libCGInterfaces.dylib
0x0000000129e5b000 	cl_kernels
0x00000000007eb000 	/System/Library/Frameworks/OpenCL.framework/Versions/A/Libraries/ImageFormats/unorm8_bgra.dylib
0x00000000007eb000 	/System/Library/Frameworks/OpenCL.framework/Versions/A/Libraries/ImageFormats/unorm8_rgba.dylib

VM Arguments:
jvm_args: -Dvisualvm.id=1761364445844313 -Djava.awt.headless=true -Didea.launcher.port=7532 -Didea.launcher.bin.path=/Applications/IntelliJ IDEA.app/Contents/bin -Dfile.encoding=UTF-8 
java_command: com.intellij.rt.execution.application.AppMain main.Engine
java_class_path (initial): /Library/Java/JavaVirtualMachines/jdk1.8.0_101.jdk/Contents/Home/jre/lib/charsets.jar:/Library/Java/JavaVirtualMachines/jdk1.8.0_101.jdk/Contents/Home/jre/lib/deploy.jar:/Library/Java/JavaVirtualMachines/jdk1.8.0_101.jdk/Contents/Home/jre/lib/ext/cldrdata.jar:/Library/Java/JavaVirtualMachines/jdk1.8.0_101.jdk/Contents/Home/jre/lib/ext/dnsns.jar:/Library/Java/JavaVirtualMachines/jdk1.8.0_101.jdk/Contents/Home/jre/lib/ext/jaccess.jar:/Library/Java/JavaVirtualMachines/jdk1.8.0_101.jdk/Contents/Home/jre/lib/ext/jfxrt.jar:/Library/Java/JavaVirtualMachines/jdk1.8.0_101.jdk/Contents/Home/jre/lib/ext/localedata.jar:/Library/Java/JavaVirtualMachines/jdk1.8.0_101.jdk/Contents/Home/jre/lib/ext/nashorn.jar:/Library/Java/JavaVirtualMachines/jdk1.8.0_101.jdk/Contents/Home/jre/lib/ext/sunec.jar:/Library/Java/JavaVirtualMachines/jdk1.8.0_101.jdk/Contents/Home/jre/lib/ext/sunjce_provider.jar:/Library/Java/JavaVirtualMachines/jdk1.8.0_101.jdk/Contents/Home/jre/lib/ext/sunpkcs11.jar:/Library/Java/JavaVirtualMachines/jdk1.8.0_101.jdk/Contents/Home/jre/lib/ext/zipfs.jar:/Library/Java/JavaVirtualMachines/jdk1.8.0_101.jdk/Contents/Home/jre/lib/javaws.jar:/Library/Java/JavaVirtualMachines/jdk1.8.0_101.jdk/Contents/Home/jre/lib/jce.jar:/Library/Java/JavaVirtualMachines/jdk1.8.0_101.jdk/Contents/Home/jre/lib/jfr.jar:/Library/Java/JavaVirtualMachines/jdk1.8.0_101.jdk/Contents/Home/jre/lib/jfxswt.jar:/Library/Java/JavaVirtualMachines/jdk1.8.0_101.jdk/Contents/Home/jre/lib/jsse.jar:/Library/Java/JavaVirtualMachines/jdk1.8.0_101.jdk/Contents/Home/jre/lib/management-agent.jar:/Library/Java/JavaVirtualMachines/jdk1.8.0_101.jdk/Contents/Home/jre/lib/plugin.jar:/Library/Java/JavaVirtualMachines/jdk1.8.0_101.jdk/Contents/Home/jre/lib/resources.jar:/Library/Java/JavaVirtualMachines/jdk1.8.0_101.jdk/Contents/Home/jre/lib/rt.jar:/Library/Java/JavaVirtualMachines/jdk1.8.0_101.jdk/Contents/Home/lib/ant-javafx.jar:/Library/Java/JavaVirtualMachines/jdk1.8.0_101.jdk/Contents/Home
Launcher Type: SUN_STANDARD

Environment Variables:
JAVA_HOME=/Library/Java/JavaVirtualMachines/jdk1.8.0_101.jdk/Contents/Home
PATH=/usr/local/bin:/usr/bin:/bin:/usr/sbin:/sbin:/opt/X11/bin:/Library/TeX/texbin
SHELL=/bin/bash
DISPLAY=/private/tmp/com.apple.launchd.66yWy9FaCP/org.macosforge.xquartz:0

Signal Handlers:
SIGSEGV: [libjvm.dylib+0x5af145], sa_mask[0]=11111111011111110111111111111111, sa_flags=SA_ONSTACK|SA_RESTART|SA_SIGINFO
SIGBUS: [libjvm.dylib+0x5af145], sa_mask[0]=11111111011111110111111111111111, sa_flags=SA_RESTART|SA_SIGINFO
SIGFPE: [libjvm.dylib+0x48694c], sa_mask[0]=11111111011111110111111111111111, sa_flags=SA_RESTART|SA_SIGINFO
SIGPIPE: [libjvm.dylib+0x48694c], sa_mask[0]=11111111011111110111111111111111, sa_flags=SA_RESTART|SA_SIGINFO
SIGXFSZ: [libjvm.dylib+0x48694c], sa_mask[0]=11111111011111110111111111111111, sa_flags=SA_RESTART|SA_SIGINFO
SIGILL: [libjvm.dylib+0x48694c], sa_mask[0]=11111111011111110111111111111111, sa_flags=SA_RESTART|SA_SIGINFO
SIGUSR1: SIG_DFL, sa_mask[0]=00000000000000000000000000000000, sa_flags=none
SIGUSR2: [libjvm.dylib+0x48646a], sa_mask[0]=00100000000000000000000000000000, sa_flags=SA_RESTART|SA_SIGINFO
SIGHUP: [libjvm.dylib+0x484a41], sa_mask[0]=11111111011111110111111111111111, sa_flags=SA_RESTART|SA_SIGINFO
SIGINT: [libjvm.dylib+0x484a41], sa_mask[0]=11111111011111110111111111111111, sa_flags=SA_RESTART|SA_SIGINFO
SIGTERM: [libjvm.dylib+0x484a41], sa_mask[0]=11111111011111110111111111111111, sa_flags=SA_RESTART|SA_SIGINFO
SIGQUIT: [libjvm.dylib+0x484a41], sa_mask[0]=11111111011111110111111111111111, sa_flags=SA_RESTART|SA_SIGINFO


---------------  S Y S T E M  ---------------

OS:Bsduname:Darwin 15.6.0 Darwin Kernel Version 15.6.0: Thu Sep  1 15:01:16 PDT 2016; root:xnu-3248.60.11~2/RELEASE_X86_64 x86_64
rlimit: STACK 8192k, CORE 0k, NPROC 709, NOFILE 10240, AS infinity
load average:4.78 5.09 5.18

CPU:total 4 (2 cores per cpu, 2 threads per core) family 6 model 61 stepping 4, cmov, cx8, fxsr, mmx, sse, sse2, sse3, ssse3, sse4.1, sse4.2, popcnt, avx, avx2, aes, clmul, erms, 3dnowpref, lzcnt, ht, tsc, tscinvbit, bmi1, bmi2, adx

Memory: 4k page, physical 16777216k(160588k free)

/proc/meminfo:


vm_info: Java HotSpot(TM) 64-Bit Server VM (25.101-b13) for bsd-amd64 JRE (1.8.0_101-b13), built on Jun 22 2016 02:42:15 by "java_re" with gcc 4.2.1 (Based on Apple Inc. build 5658) (LLVM build 2336.11.00)

time: Thu Mar  2 23:08:19 2017
elapsed time: 5 seconds (0d 0h 0m 5s)

